#
# There is insufficient memory for the Java Runtime Environment to continue.
# Native memory allocation (malloc) failed to allocate 32744 bytes for ChunkPool::allocate
# Possible reasons:
#   The system is out of physical RAM or swap space
#   In 32 bit mode, the process size limit was hit
# Possible solutions:
#   Reduce memory load on the system
#   Increase physical memory or swap space
#   Check if swap backing store is full
#   Use 64 bit Java on a 64 bit OS
#   Decrease Java heap size (-Xmx/-Xms)
#   Decrease number of Java threads
#   Decrease Java thread stack sizes (-Xss)
#   Set larger code cache with -XX:ReservedCodeCacheSize=
# This output file may be truncated or incomplete.
#
#  Out of Memory Error (allocation.cpp:273), pid=17484, tid=17552
#
# JRE version: Java(TM) SE Runtime Environment (8.0_73-b02) (build 1.8.0_73-b02)
# Java VM: Java HotSpot(TM) 64-Bit Server VM (25.73-b02 mixed mode windows-amd64 compressed oops)
# Failed to write core dump. Minidumps are not enabled by default on client versions of Windows
#

---------------  T H R E A D  ---------------

Current thread (0x0000000017e79000):  VMThread [stack: 0x0000000019b40000,0x0000000019c40000] [id=17552]

Stack: [0x0000000019b40000,0x0000000019c40000]
[error occurred during error reporting (printing stack bounds), id 0xc0000005]

Native frames: (J=compiled Java code, j=interpreted, Vv=VM code, C=native code)

VM_Operation (0x000000004eb9f3c0): BulkRevokeBias, mode: safepoint, requested by thread 0x000000001bb11800


---------------  P R O C E S S  ---------------

Java Threads: ( => current thread )
  0x000000001bb11800 JavaThread "Exec Default Executor" daemon [_thread_blocked, id=49772, stack(0x000000004eaa0000,0x000000004eba0000)]
  0x000000001bb0d000 JavaThread "Exec Stream Pumper" daemon [_thread_in_native, id=49440, stack(0x000000004f4a0000,0x000000004f5a0000)]
  0x000000001bb10000 JavaThread "Exec Stream Pumper" daemon [_thread_in_native, id=49436, stack(0x000000004f3a0000,0x000000004f4a0000)]
  0x000000001bb0f000 JavaThread "Exec Default Executor" daemon [_thread_in_native, id=49420, stack(0x000000004f2a0000,0x000000004f3a0000)]
  0x000000001bb0e800 JavaThread "Exec Stream Pumper" daemon [_thread_in_native, id=49252, stack(0x000000004f1a0000,0x000000004f2a0000)]
  0x000000001bb0a800 JavaThread "Exec Stream Pumper" daemon [_thread_in_native, id=49248, stack(0x000000004f0a0000,0x000000004f1a0000)]
  0x000000001bb0c000 JavaThread "Exec Default Executor" daemon [_thread_in_native, id=17680, stack(0x000000004efa0000,0x000000004f0a0000)]
  0x000000001bb0b800 JavaThread "Exec Stream Pumper" daemon [_thread_in_native, id=45468, stack(0x000000004eea0000,0x000000004efa0000)]
  0x000000001bb0d800 JavaThread "Exec Stream Pumper" daemon [_thread_in_native, id=6408, stack(0x000000004eda0000,0x000000004eea0000)]
  0x000000001bf07000 JavaThread "Exec Default Executor" daemon [_thread_in_native, id=47352, stack(0x000000004eca0000,0x000000004eda0000)]
  0x000000001b04e000 JavaThread "Exec Stream Pumper" daemon [_thread_in_native, id=45200, stack(0x000000004e9a0000,0x000000004eaa0000)]
  0x000000001b769800 JavaThread "Exec Stream Pumper" daemon [_thread_in_native, id=44484, stack(0x000000004e8a0000,0x000000004e9a0000)]
  0x000000001b768800 JavaThread "Exec Default Executor" daemon [_thread_in_native, id=45140, stack(0x000000004e7a0000,0x000000004e8a0000)]
  0x000000001c4b8000 JavaThread "Exec Stream Pumper" daemon [_thread_in_native, id=35976, stack(0x000000004e6a0000,0x000000004e7a0000)]
  0x000000001c4b4000 JavaThread "Exec Stream Pumper" daemon [_thread_in_native, id=29408, stack(0x000000004e5a0000,0x000000004e6a0000)]
  0x000000001c4b7000 JavaThread "Exec Default Executor" daemon [_thread_in_native, id=38504, stack(0x000000003eaa0000,0x000000003eba0000)]
  0x000000001ce92800 JavaThread "Exec Stream Pumper" daemon [_thread_in_native, id=7888, stack(0x0000000022670000,0x0000000022770000)]
  0x000000001ce91800 JavaThread "Exec Stream Pumper" daemon [_thread_in_native, id=37892, stack(0x0000000022570000,0x0000000022670000)]
  0x000000001ce91000 JavaThread "Exec Default Executor" daemon [_thread_in_native, id=6444, stack(0x0000000022170000,0x0000000022270000)]
  0x000000001ce8d000 JavaThread "Exec Stream Pumper" daemon [_thread_in_native, id=43768, stack(0x000000003eca0000,0x000000003eda0000)]
  0x000000001ce90000 JavaThread "Exec Stream Pumper" daemon [_thread_in_native, id=45224, stack(0x000000003eba0000,0x000000003eca0000)]
  0x000000001ce8f800 JavaThread "Exec Default Executor" daemon [_thread_in_native, id=43904, stack(0x000000004e4a0000,0x000000004e5a0000)]
  0x000000001ce8b800 JavaThread "Exec Stream Pumper" daemon [_thread_in_native, id=46608, stack(0x000000004e3a0000,0x000000004e4a0000)]
  0x000000001ce8e800 JavaThread "Exec Stream Pumper" daemon [_thread_in_native, id=43424, stack(0x000000004e2a0000,0x000000004e3a0000)]
  0x000000001ce82000 JavaThread "Exec Default Executor" daemon [_thread_in_native, id=45036, stack(0x000000004d0a0000,0x000000004d1a0000)]
  0x000000001ce8b000 JavaThread "Exec Stream Pumper" daemon [_thread_in_native, id=44872, stack(0x000000004e1a0000,0x000000004e2a0000)]
  0x000000001ce8e000 JavaThread "Exec Stream Pumper" daemon [_thread_in_native, id=26712, stack(0x000000004d7a0000,0x000000004d8a0000)]
  0x000000001ce8a000 JavaThread "Exec Default Executor" daemon [_thread_in_native, id=45144, stack(0x000000004d6a0000,0x000000004d7a0000)]
  0x000000001ce89800 JavaThread "Exec Stream Pumper" daemon [_thread_in_native, id=47324, stack(0x000000004e0a0000,0x000000004e1a0000)]
  0x000000001ce8c800 JavaThread "Exec Stream Pumper" daemon [_thread_in_native, id=47320, stack(0x000000004dfa0000,0x000000004e0a0000)]
  0x000000001ce85800 JavaThread "Exec Default Executor" daemon [_thread_in_native, id=47288, stack(0x000000004dea0000,0x000000004dfa0000)]
  0x000000001ce88800 JavaThread "Exec Stream Pumper" daemon [_thread_in_native, id=44804, stack(0x000000004dda0000,0x000000004dea0000)]
  0x000000001ce88000 JavaThread "Exec Stream Pumper" daemon [_thread_in_native, id=41932, stack(0x000000004dca0000,0x000000004dda0000)]
  0x000000001ce87000 JavaThread "UrlChecker-17" daemon [_thread_blocked, id=41028, stack(0x000000004dba0000,0x000000004dca0000)]
  0x000000001ce83800 JavaThread "Exec Default Executor" daemon [_thread_in_native, id=30032, stack(0x0000000048da0000,0x0000000048ea0000)]
  0x000000001ce85000 JavaThread "Exec Stream Pumper" daemon [_thread_in_native, id=42700, stack(0x000000004daa0000,0x000000004dba0000)]
  0x000000001ce86800 JavaThread "Exec Stream Pumper" daemon [_thread_in_native, id=43436, stack(0x000000004d9a0000,0x000000004daa0000)]
  0x000000001ce82800 JavaThread "Exec Default Executor" daemon [_thread_in_native, id=48760, stack(0x000000004d8a0000,0x000000004d9a0000)]
  0x000000001ce84000 JavaThread "Exec Stream Pumper" daemon [_thread_in_native, id=48388, stack(0x000000004d5a0000,0x000000004d6a0000)]
  0x000000001ce80800 JavaThread "Exec Stream Pumper" daemon [_thread_in_native, id=48384, stack(0x000000004d4a0000,0x000000004d5a0000)]
  0x000000001ce7f800 JavaThread "Exec Default Executor" daemon [_thread_in_native, id=48360, stack(0x000000004d3a0000,0x000000004d4a0000)]
  0x000000001ce81000 JavaThread "Exec Stream Pumper" daemon [_thread_in_native, id=48204, stack(0x000000004d2a0000,0x000000004d3a0000)]
  0x000000001ce7f000 JavaThread "Exec Stream Pumper" daemon [_thread_in_native, id=48200, stack(0x000000004d1a0000,0x000000004d2a0000)]
  0x000000001ce7b000 JavaThread "Exec Default Executor" daemon [_thread_in_native, id=48180, stack(0x000000004cfa0000,0x000000004d0a0000)]
  0x000000001ce7e000 JavaThread "Exec Stream Pumper" daemon [_thread_in_native, id=48120, stack(0x000000004cea0000,0x000000004cfa0000)]
  0x000000001ce7d000 JavaThread "Exec Stream Pumper" daemon [_thread_in_native, id=46836, stack(0x000000004cda0000,0x000000004cea0000)]
  0x000000001ce78800 JavaThread "Exec Default Executor" daemon [_thread_in_native, id=37332, stack(0x000000004c5a0000,0x000000004c6a0000)]
  0x000000001ce79800 JavaThread "Exec Stream Pumper" daemon [_thread_in_native, id=42068, stack(0x000000004cca0000,0x000000004cda0000)]
  0x000000001ce7c800 JavaThread "Exec Stream Pumper" daemon [_thread_in_native, id=46400, stack(0x000000004cba0000,0x000000004cca0000)]
  0x000000001ce75800 JavaThread "Exec Default Executor" daemon [_thread_in_native, id=46216, stack(0x000000004caa0000,0x000000004cba0000)]
  0x000000001ce7a000 JavaThread "Exec Stream Pumper" daemon [_thread_in_native, id=45124, stack(0x000000004c9a0000,0x000000004caa0000)]
  0x000000001ce7b800 JavaThread "Exec Stream Pumper" daemon [_thread_in_native, id=45936, stack(0x000000004c8a0000,0x000000004c9a0000)]
  0x000000001ce76800 JavaThread "Exec Default Executor" daemon [_thread_in_native, id=42100, stack(0x000000004c7a0000,0x000000004c8a0000)]
  0x000000001ce77000 JavaThread "Exec Stream Pumper" daemon [_thread_in_native, id=44100, stack(0x000000004c1a0000,0x000000004c2a0000)]
  0x000000001ce72000 JavaThread "Exec Stream Pumper" daemon [_thread_in_native, id=45584, stack(0x000000004c0a0000,0x000000004c1a0000)]
  0x000000001ce78000 JavaThread "Exec Default Executor" daemon [_thread_in_native, id=35900, stack(0x000000004c6a0000,0x000000004c7a0000)]
  0x000000001ce75000 JavaThread "Exec Stream Pumper" daemon [_thread_in_native, id=47396, stack(0x000000004c4a0000,0x000000004c5a0000)]
  0x000000001ce71000 JavaThread "Exec Stream Pumper" daemon [_thread_in_native, id=47412, stack(0x000000004c3a0000,0x000000004c4a0000)]
  0x000000001ce74000 JavaThread "Exec Default Executor" daemon [_thread_in_native, id=47232, stack(0x000000004c2a0000,0x000000004c3a0000)]
  0x000000001ce70800 JavaThread "Exec Stream Pumper" daemon [_thread_in_native, id=47648, stack(0x000000004bfa0000,0x000000004c0a0000)]
  0x000000001ce73800 JavaThread "Exec Stream Pumper" daemon [_thread_in_native, id=47644, stack(0x000000004bea0000,0x000000004bfa0000)]
  0x000000001ce6f800 JavaThread "Exec Default Executor" daemon [_thread_in_native, id=47624, stack(0x000000004bda0000,0x000000004bea0000)]
  0x000000001ce72800 JavaThread "Exec Stream Pumper" daemon [_thread_in_native, id=47404, stack(0x000000004bca0000,0x000000004bda0000)]
  0x000000001ce6f000 JavaThread "Exec Stream Pumper" daemon [_thread_in_native, id=47400, stack(0x000000004bba0000,0x000000004bca0000)]
  0x000000001ce6b000 JavaThread "Exec Default Executor" daemon [_thread_in_native, id=47380, stack(0x000000004baa0000,0x000000004bba0000)]
  0x000000001ce6d800 JavaThread "Exec Stream Pumper" daemon [_thread_in_native, id=33628, stack(0x000000004b9a0000,0x000000004baa0000)]
  0x000000001ce6c000 JavaThread "Exec Stream Pumper" daemon [_thread_in_native, id=43684, stack(0x000000004b8a0000,0x000000004b9a0000)]
  0x000000001ce6e000 JavaThread "Exec Default Executor" daemon [_thread_in_native, id=43532, stack(0x000000004b7a0000,0x000000004b8a0000)]
  0x000000001ce67800 JavaThread "Exec Stream Pumper" daemon [_thread_in_native, id=45324, stack(0x000000004b6a0000,0x000000004b7a0000)]
  0x000000001ce6a800 JavaThread "Exec Stream Pumper" daemon [_thread_in_native, id=36680, stack(0x000000004b5a0000,0x000000004b6a0000)]
  0x000000001ce69800 JavaThread "Exec Default Executor" daemon [_thread_in_native, id=45328, stack(0x000000004b1a0000,0x000000004b2a0000)]
  0x000000001ce6c800 JavaThread "Exec Stream Pumper" daemon [_thread_in_native, id=45424, stack(0x000000004b4a0000,0x000000004b5a0000)]
  0x000000001ce66000 JavaThread "Exec Stream Pumper" daemon [_thread_in_native, id=24832, stack(0x000000004b3a0000,0x000000004b4a0000)]
  0x000000001ce69000 JavaThread "Exec Default Executor" daemon [_thread_in_native, id=45896, stack(0x000000004b2a0000,0x000000004b3a0000)]
  0x000000001ce68000 JavaThread "Exec Stream Pumper" daemon [_thread_in_native, id=45232, stack(0x000000004b0a0000,0x000000004b1a0000)]
  0x000000001ce65000 JavaThread "Exec Stream Pumper" daemon [_thread_in_native, id=44500, stack(0x000000004afa0000,0x000000004b0a0000)]
  0x000000001ce64800 JavaThread "Exec Default Executor" daemon [_thread_in_native, id=43792, stack(0x000000004aea0000,0x000000004afa0000)]
  0x000000001ce66800 JavaThread "Exec Stream Pumper" daemon [_thread_in_native, id=47092, stack(0x00000000498a0000,0x00000000499a0000)]
  0x000000001ce60800 JavaThread "Exec Stream Pumper" daemon [_thread_in_native, id=47088, stack(0x00000000497a0000,0x00000000498a0000)]
  0x000000001ce63800 JavaThread "Exec Default Executor" daemon [_thread_in_native, id=47068, stack(0x000000004ada0000,0x000000004aea0000)]
  0x000000001ce62000 JavaThread "Exec Stream Pumper" daemon [_thread_in_native, id=46872, stack(0x000000004aca0000,0x000000004ada0000)]
  0x000000001ce60000 JavaThread "Exec Stream Pumper" daemon [_thread_in_native, id=46868, stack(0x000000004aaa0000,0x000000004aba0000)]
  0x000000001ce61800 JavaThread "Exec Default Executor" daemon [_thread_in_native, id=46844, stack(0x000000004aba0000,0x000000004aca0000)]
  0x000000001ce63000 JavaThread "Exec Stream Pumper" daemon [_thread_in_native, id=46632, stack(0x000000004a9a0000,0x000000004aaa0000)]
  0x000000001ce5c000 JavaThread "Exec Stream Pumper" daemon [_thread_in_native, id=46628, stack(0x000000004a8a0000,0x000000004a9a0000)]
  0x000000001ce5e800 JavaThread "Exec Default Executor" daemon [_thread_in_native, id=46604, stack(0x000000004a7a0000,0x000000004a8a0000)]
  0x000000001ce5d800 JavaThread "Exec Stream Pumper" daemon [_thread_in_native, id=46248, stack(0x000000004a6a0000,0x000000004a7a0000)]
  0x000000001ce5d000 JavaThread "Exec Stream Pumper" daemon [_thread_in_native, id=46244, stack(0x000000004a5a0000,0x000000004a6a0000)]
  0x000000001ce53000 JavaThread "Exec Default Executor" daemon [_thread_in_native, id=46228, stack(0x0000000049ba0000,0x0000000049ca0000)]
  0x000000001ce5f000 JavaThread "Exec Stream Pumper" daemon [_thread_in_native, id=34252, stack(0x000000004a4a0000,0x000000004a5a0000)]
  0x000000001ce58800 JavaThread "Exec Stream Pumper" daemon [_thread_in_native, id=39004, stack(0x000000004a3a0000,0x000000004a4a0000)]
  0x000000001ce59000 JavaThread "Exec Default Executor" daemon [_thread_in_native, id=43840, stack(0x000000004a2a0000,0x000000004a3a0000)]
  0x000000001ce5a000 JavaThread "Exec Stream Pumper" daemon [_thread_in_native, id=44428, stack(0x000000004a1a0000,0x000000004a2a0000)]
  0x000000001ce5b800 JavaThread "Exec Stream Pumper" daemon [_thread_in_native, id=23460, stack(0x000000004a0a0000,0x000000004a1a0000)]
  0x000000001ce57800 JavaThread "Exec Default Executor" daemon [_thread_in_native, id=44120, stack(0x0000000049fa0000,0x000000004a0a0000)]
  0x000000001ce5a800 JavaThread "Exec Stream Pumper" daemon [_thread_in_native, id=44544, stack(0x0000000049ea0000,0x0000000049fa0000)]
  0x000000001ce54000 JavaThread "Exec Stream Pumper" daemon [_thread_in_native, id=44532, stack(0x0000000049da0000,0x0000000049ea0000)]
  0x000000001ce57000 JavaThread "Exec Default Executor" daemon [_thread_in_native, id=43032, stack(0x0000000049ca0000,0x0000000049da0000)]
  0x000000001ce56000 JavaThread "Exec Stream Pumper" daemon [_thread_in_native, id=45912, stack(0x0000000049aa0000,0x0000000049ba0000)]
  0x000000001ce52800 JavaThread "Exec Stream Pumper" daemon [_thread_in_native, id=45904, stack(0x00000000499a0000,0x0000000049aa0000)]
  0x000000001ce55800 JavaThread "Exec Default Executor" daemon [_thread_in_native, id=44816, stack(0x00000000496a0000,0x00000000497a0000)]
  0x000000001ce54800 JavaThread "Exec Stream Pumper" daemon [_thread_in_native, id=45572, stack(0x00000000495a0000,0x00000000496a0000)]
  0x000000001b7a6800 JavaThread "Exec Stream Pumper" daemon [_thread_in_native, id=45576, stack(0x00000000494a0000,0x00000000495a0000)]
  0x000000001b051000 JavaThread "Exec Default Executor" daemon [_thread_in_native, id=45552, stack(0x00000000493a0000,0x00000000494a0000)]
  0x000000001b052800 JavaThread "Exec Stream Pumper" daemon [_thread_in_native, id=45780, stack(0x00000000492a0000,0x00000000493a0000)]
  0x000000001b051800 JavaThread "Exec Stream Pumper" daemon [_thread_in_native, id=43780, stack(0x00000000491a0000,0x00000000492a0000)]
  0x000000001b050000 JavaThread "Exec Default Executor" daemon [_thread_in_native, id=45392, stack(0x00000000490a0000,0x00000000491a0000)]
  0x000000001b04c800 JavaThread "Exec Stream Pumper" daemon [_thread_in_native, id=10404, stack(0x0000000048fa0000,0x00000000490a0000)]
  0x000000001b04f800 JavaThread "Exec Stream Pumper" daemon [_thread_in_native, id=42444, stack(0x0000000048ea0000,0x0000000048fa0000)]
  0x000000001b04e800 JavaThread "Exec Default Executor" daemon [_thread_in_native, id=45048, stack(0x0000000048aa0000,0x0000000048ba0000)]
  0x000000001b04a000 JavaThread "Exec Stream Pumper" daemon [_thread_in_native, id=46004, stack(0x0000000048ca0000,0x0000000048da0000)]
  0x000000001b04d000 JavaThread "Exec Stream Pumper" daemon [_thread_in_native, id=46000, stack(0x0000000048ba0000,0x0000000048ca0000)]
  0x000000001b034800 JavaThread "Exec Default Executor" daemon [_thread_in_native, id=45980, stack(0x00000000467a0000,0x00000000468a0000)]
  0x000000001b048800 JavaThread "Exec Stream Pumper" daemon [_thread_in_native, id=5420, stack(0x00000000489a0000,0x0000000048aa0000)]
  0x000000001b04b800 JavaThread "Exec Stream Pumper" daemon [_thread_in_native, id=5500, stack(0x00000000488a0000,0x00000000489a0000)]
  0x000000001b049800 JavaThread "Exec Default Executor" daemon [_thread_in_native, id=43564, stack(0x00000000487a0000,0x00000000488a0000)]
  0x000000001b04b000 JavaThread "Exec Stream Pumper" daemon [_thread_blocked, id=44080, stack(0x00000000486a0000,0x00000000487a0000)]
  0x000000001b045000 JavaThread "Exec Stream Pumper" daemon [_thread_in_native, id=44072, stack(0x00000000485a0000,0x00000000486a0000)]
  0x000000001b048000 JavaThread "Exec Default Executor" daemon [_thread_in_native, id=8196, stack(0x00000000484a0000,0x00000000485a0000)]
  0x000000001b044000 JavaThread "Exec Stream Pumper" daemon [_thread_in_native, id=42756, stack(0x00000000483a0000,0x00000000484a0000)]
  0x000000001b047000 JavaThread "Exec Stream Pumper" daemon [_thread_in_native, id=31964, stack(0x00000000482a0000,0x00000000483a0000)]
  0x000000001b043800 JavaThread "Exec Default Executor" daemon [_thread_in_native, id=41908, stack(0x00000000431a0000,0x00000000432a0000)]
  0x000000001b046800 JavaThread "Exec Stream Pumper" daemon [_thread_in_native, id=43060, stack(0x00000000481a0000,0x00000000482a0000)]
  0x000000001b045800 JavaThread "Exec Stream Pumper" daemon [_thread_in_native, id=43056, stack(0x00000000480a0000,0x00000000481a0000)]
  0x000000001b042800 JavaThread "Exec Default Executor" daemon [_thread_in_native, id=37556, stack(0x0000000047fa0000,0x00000000480a0000)]
  0x000000001b03f000 JavaThread "Exec Stream Pumper" daemon [_thread_in_native, id=45040, stack(0x0000000047ea0000,0x0000000047fa0000)]
  0x000000001b041000 JavaThread "Exec Stream Pumper" daemon [_thread_in_native, id=40488, stack(0x0000000047da0000,0x0000000047ea0000)]
  0x000000001b042000 JavaThread "Exec Default Executor" daemon [_thread_in_native, id=39832, stack(0x0000000047ca0000,0x0000000047da0000)]
  0x000000001b03e000 JavaThread "Exec Stream Pumper" daemon [_thread_in_native, id=41036, stack(0x0000000047ba0000,0x0000000047ca0000)]
  0x000000001b040800 JavaThread "Exec Stream Pumper" daemon [_thread_in_native, id=40988, stack(0x0000000047aa0000,0x0000000047ba0000)]
  0x000000001b03f800 JavaThread "Exec Default Executor" daemon [_thread_in_native, id=40768, stack(0x00000000479a0000,0x0000000047aa0000)]
  0x000000001b03b000 JavaThread "Exec Stream Pumper" daemon [_thread_in_native, id=39588, stack(0x00000000478a0000,0x00000000479a0000)]
  0x000000001b03d800 JavaThread "Exec Stream Pumper" daemon [_thread_in_native, id=32840, stack(0x00000000477a0000,0x00000000478a0000)]
  0x000000001b039800 JavaThread "Exec Stream Pumper" daemon [_thread_in_native, id=26732, stack(0x00000000476a0000,0x00000000477a0000)]
  0x000000001b03c800 JavaThread "Exec Stream Pumper" daemon [_thread_in_native, id=32936, stack(0x00000000475a0000,0x00000000476a0000)]
  0x000000001b03c000 JavaThread "Exec Default Executor" daemon [_thread_in_native, id=8720, stack(0x00000000474a0000,0x00000000475a0000)]
  0x000000001b039000 JavaThread "Exec Default Executor" daemon [_thread_in_native, id=35948, stack(0x00000000473a0000,0x00000000474a0000)]
  0x000000001b038000 JavaThread "Exec Stream Pumper" daemon [_thread_in_native, id=45020, stack(0x00000000472a0000,0x00000000473a0000)]
  0x000000001b03a800 JavaThread "Exec Stream Pumper" daemon [_thread_in_native, id=44996, stack(0x00000000471a0000,0x00000000472a0000)]
  0x000000001b037800 JavaThread "Exec Default Executor" daemon [_thread_in_native, id=44864, stack(0x00000000466a0000,0x00000000467a0000)]
  0x000000001b033800 JavaThread "Exec Stream Pumper" daemon [_thread_in_native, id=44704, stack(0x00000000470a0000,0x00000000471a0000)]
  0x000000001b036800 JavaThread "Exec Stream Pumper" daemon [_thread_in_native, id=44688, stack(0x0000000046fa0000,0x00000000470a0000)]
  0x000000001b036000 JavaThread "Exec Default Executor" daemon [_thread_in_native, id=44648, stack(0x0000000046ea0000,0x0000000046fa0000)]
  0x000000001b032800 JavaThread "Exec Stream Pumper" daemon [_thread_in_native, id=44392, stack(0x0000000046da0000,0x0000000046ea0000)]
  0x000000001b035000 JavaThread "Exec Stream Pumper" daemon [_thread_in_native, id=44376, stack(0x0000000046ca0000,0x0000000046da0000)]
  0x000000001b02f000 JavaThread "Exec Default Executor" daemon [_thread_in_native, id=44288, stack(0x0000000046ba0000,0x0000000046ca0000)]
  0x000000001b032000 JavaThread "Exec Stream Pumper" daemon [_thread_in_native, id=42060, stack(0x0000000046aa0000,0x0000000046ba0000)]
  0x000000001b02e000 JavaThread "Exec Stream Pumper" daemon [_thread_in_native, id=42052, stack(0x00000000469a0000,0x0000000046aa0000)]
  0x000000001b031000 JavaThread "Exec Default Executor" daemon [_thread_in_native, id=38980, stack(0x00000000468a0000,0x00000000469a0000)]
  0x000000001b02f800 JavaThread "Exec Stream Pumper" daemon [_thread_in_native, id=42352, stack(0x00000000465a0000,0x00000000466a0000)]
  0x000000001b030800 JavaThread "Exec Stream Pumper" daemon [_thread_in_native, id=40776, stack(0x00000000464a0000,0x00000000465a0000)]
  0x000000001b02a800 JavaThread "Exec Default Executor" daemon [_thread_in_native, id=41092, stack(0x00000000463a0000,0x00000000464a0000)]
  0x000000001b02d800 JavaThread "Exec Stream Pumper" daemon [_thread_in_native, id=42844, stack(0x00000000462a0000,0x00000000463a0000)]
  0x000000001b02b000 JavaThread "Exec Stream Pumper" daemon [_thread_in_native, id=43220, stack(0x00000000461a0000,0x00000000462a0000)]
  0x000000001b02c800 JavaThread "Exec Default Executor" daemon [_thread_in_native, id=39584, stack(0x00000000460a0000,0x00000000461a0000)]
  0x000000001b029800 JavaThread "Exec Stream Pumper" daemon [_thread_in_native, id=39592, stack(0x0000000045fa0000,0x00000000460a0000)]
  0x000000001b02c000 JavaThread "Exec Stream Pumper" daemon [_thread_in_native, id=36388, stack(0x0000000045ea0000,0x0000000045fa0000)]
  0x000000001b026000 JavaThread "Exec Default Executor" daemon [_thread_in_native, id=40784, stack(0x0000000045da0000,0x0000000045ea0000)]
  0x000000001b029000 JavaThread "Exec Stream Pumper" daemon [_thread_in_native, id=36440, stack(0x0000000045ca0000,0x0000000045da0000)]
  0x000000001b025000 JavaThread "Exec Stream Pumper" daemon [_thread_in_native, id=37772, stack(0x0000000045ba0000,0x0000000045ca0000)]
  0x000000001b028000 JavaThread "Exec Default Executor" daemon [_thread_in_native, id=38336, stack(0x0000000045aa0000,0x0000000045ba0000)]
  0x000000001b024800 JavaThread "Exec Stream Pumper" daemon [_thread_in_native, id=32120, stack(0x00000000459a0000,0x0000000045aa0000)]
  0x000000001b026800 JavaThread "Exec Stream Pumper" daemon [_thread_in_native, id=35668, stack(0x00000000458a0000,0x00000000459a0000)]
  0x000000001b027800 JavaThread "Exec Default Executor" daemon [_thread_in_native, id=42096, stack(0x00000000457a0000,0x00000000458a0000)]
  0x000000001b023800 JavaThread "Exec Stream Pumper" daemon [_thread_in_native, id=43952, stack(0x00000000456a0000,0x00000000457a0000)]
  0x000000001b020000 JavaThread "Exec Stream Pumper" daemon [_thread_in_native, id=43948, stack(0x00000000455a0000,0x00000000456a0000)]
  0x000000001b023000 JavaThread "Exec Default Executor" daemon [_thread_in_native, id=43652, stack(0x00000000454a0000,0x00000000455a0000)]
  0x000000001b022000 JavaThread "Exec Stream Pumper" daemon [_thread_in_native, id=43104, stack(0x00000000453a0000,0x00000000454a0000)]
  0x000000001b021800 JavaThread "Exec Stream Pumper" daemon [_thread_in_native, id=43100, stack(0x00000000452a0000,0x00000000453a0000)]
  0x000000001b020800 JavaThread "Exec Default Executor" daemon [_thread_in_native, id=43072, stack(0x00000000451a0000,0x00000000452a0000)]
  0x000000001b01d800 JavaThread "Exec Stream Pumper" daemon [_thread_in_native, id=36812, stack(0x00000000450a0000,0x00000000451a0000)]
  0x000000001b01c000 JavaThread "Exec Stream Pumper" daemon [_thread_in_native, id=34236, stack(0x00000000446a0000,0x00000000447a0000)]
  0x000000001b01e800 JavaThread "Exec Default Executor" daemon [_thread_in_native, id=32924, stack(0x00000000445a0000,0x00000000446a0000)]
  0x000000001b01f000 JavaThread "Exec Stream Pumper" daemon [_thread_in_native, id=40500, stack(0x0000000044fa0000,0x00000000450a0000)]
  0x000000001b01d000 JavaThread "Exec Stream Pumper" daemon [_thread_in_native, id=40780, stack(0x0000000044ea0000,0x0000000044fa0000)]
  0x000000001b018800 JavaThread "Exec Default Executor" daemon [_thread_in_native, id=41924, stack(0x0000000044da0000,0x0000000044ea0000)]
  0x000000001b01b800 JavaThread "Exec Stream Pumper" daemon [_thread_in_native, id=41812, stack(0x0000000044ca0000,0x0000000044da0000)]
  0x000000001b01a800 JavaThread "Exec Stream Pumper" daemon [_thread_in_native, id=11364, stack(0x0000000044ba0000,0x0000000044ca0000)]
  0x000000001b01a000 JavaThread "Exec Default Executor" daemon [_thread_in_native, id=37916, stack(0x0000000044aa0000,0x0000000044ba0000)]
  0x000000001b017000 JavaThread "Exec Stream Pumper" daemon [_thread_in_native, id=27536, stack(0x00000000449a0000,0x0000000044aa0000)]
  0x000000001b019000 JavaThread "Exec Stream Pumper" daemon [_thread_in_native, id=39052, stack(0x00000000448a0000,0x00000000449a0000)]
  0x000000001b017800 JavaThread "Exec Default Executor" daemon [_thread_in_native, id=40276, stack(0x00000000447a0000,0x00000000448a0000)]
  0x000000001b014000 JavaThread "Exec Stream Pumper" daemon [_thread_in_native, id=42820, stack(0x00000000444a0000,0x00000000445a0000)]
  0x000000001b016000 JavaThread "Exec Stream Pumper" daemon [_thread_in_native, id=42812, stack(0x00000000443a0000,0x00000000444a0000)]
  0x000000001b015800 JavaThread "Exec Default Executor" daemon [_thread_in_native, id=42776, stack(0x00000000442a0000,0x00000000443a0000)]
  0x000000001b013000 JavaThread "Exec Stream Pumper" daemon [_thread_in_native, id=42284, stack(0x00000000441a0000,0x00000000442a0000)]
  0x000000001b014800 JavaThread "Exec Stream Pumper" daemon [_thread_in_native, id=42264, stack(0x00000000440a0000,0x00000000441a0000)]
  0x000000001b786000 JavaThread "Exec Default Executor" daemon [_thread_in_native, id=42156, stack(0x000000003e6a0000,0x000000003e7a0000)]
  0x000000001b1fe800 JavaThread "Exec Stream Pumper" daemon [_thread_in_native, id=36588, stack(0x0000000043fa0000,0x00000000440a0000)]
  0x000000001b22b800 JavaThread "Exec Stream Pumper" daemon [_thread_in_native, id=32060, stack(0x0000000043ea0000,0x0000000043fa0000)]
  0x000000001b22b000 JavaThread "Exec Default Executor" daemon [_thread_in_native, id=40484, stack(0x0000000043da0000,0x0000000043ea0000)]
  0x000000001b7a5800 JavaThread "Exec Stream Pumper" daemon [_thread_in_native, id=37756, stack(0x0000000043ca0000,0x0000000043da0000)]
  0x000000001b7a5000 JavaThread "Exec Stream Pumper" daemon [_thread_in_native, id=26664, stack(0x0000000043ba0000,0x0000000043ca0000)]
  0x000000001b7a7000 JavaThread "Exec Default Executor" daemon [_thread_in_native, id=38536, stack(0x00000000418a0000,0x00000000419a0000)]
  0x000000001b7a1000 JavaThread "Exec Stream Pumper" daemon [_thread_in_native, id=38844, stack(0x0000000043aa0000,0x0000000043ba0000)]
  0x000000001b7a4000 JavaThread "Exec Stream Pumper" daemon [_thread_in_native, id=17164, stack(0x00000000439a0000,0x0000000043aa0000)]
  0x000000001b7a0800 JavaThread "Exec Default Executor" daemon [_thread_in_native, id=41824, stack(0x00000000438a0000,0x00000000439a0000)]
  0x000000001b7a3800 JavaThread "Exec Stream Pumper" daemon [_thread_in_native, id=29416, stack(0x00000000437a0000,0x00000000438a0000)]
  0x000000001b79f800 JavaThread "Exec Stream Pumper" daemon [_thread_in_native, id=32132, stack(0x00000000436a0000,0x00000000437a0000)]
  0x000000001b7a2800 JavaThread "Exec Default Executor" daemon [_thread_in_native, id=41260, stack(0x00000000435a0000,0x00000000436a0000)]
  0x000000001b7a2000 JavaThread "Exec Stream Pumper" daemon [_thread_in_native, id=31540, stack(0x00000000434a0000,0x00000000435a0000)]
  0x000000001b79c000 JavaThread "Exec Stream Pumper" daemon [_thread_in_native, id=29468, stack(0x00000000433a0000,0x00000000434a0000)]
  0x000000001b793800 JavaThread "Exec Default Executor" daemon [_thread_in_native, id=39804, stack(0x00000000432a0000,0x00000000433a0000)]
  0x000000001b79f000 JavaThread "Exec Stream Pumper" daemon [_thread_in_native, id=41424, stack(0x00000000430a0000,0x00000000431a0000)]
  0x000000001b79e000 JavaThread "Exec Stream Pumper" daemon [_thread_in_native, id=40272, stack(0x0000000042fa0000,0x00000000430a0000)]
  0x000000001b79a800 JavaThread "Exec Default Executor" daemon [_thread_in_native, id=41512, stack(0x0000000042ea0000,0x0000000042fa0000)]
  0x000000001b79d800 JavaThread "Exec Stream Pumper" daemon [_thread_in_native, id=41892, stack(0x0000000042da0000,0x0000000042ea0000)]
  0x000000001b79c800 JavaThread "Exec Stream Pumper" daemon [_thread_in_native, id=41864, stack(0x0000000042ca0000,0x0000000042da0000)]
  0x000000001b798000 JavaThread "Exec Default Executor" daemon [_thread_in_native, id=41844, stack(0x0000000042ba0000,0x0000000042ca0000)]
  0x000000001b79b000 JavaThread "Exec Stream Pumper" daemon [_thread_in_native, id=41688, stack(0x0000000042aa0000,0x0000000042ba0000)]
  0x000000001b799800 JavaThread "Exec Stream Pumper" daemon [_thread_in_native, id=41684, stack(0x00000000429a0000,0x0000000042aa0000)]
  0x000000001b799000 JavaThread "Exec Default Executor" daemon [_thread_in_native, id=41668, stack(0x00000000428a0000,0x00000000429a0000)]
  0x000000001b796000 JavaThread "Exec Stream Pumper" daemon [_thread_in_native, id=41500, stack(0x00000000427a0000,0x00000000428a0000)]
  0x000000001b795000 JavaThread "Exec Stream Pumper" daemon [_thread_in_native, id=41496, stack(0x00000000426a0000,0x00000000427a0000)]
  0x000000001b794800 JavaThread "Exec Default Executor" daemon [_thread_in_native, id=41480, stack(0x00000000425a0000,0x00000000426a0000)]
  0x000000001b797800 JavaThread "Exec Stream Pumper" daemon [_thread_in_native, id=41308, stack(0x00000000424a0000,0x00000000425a0000)]
  0x000000001b796800 JavaThread "Exec Stream Pumper" daemon [_thread_in_native, id=41304, stack(0x00000000423a0000,0x00000000424a0000)]
  0x000000001b790800 JavaThread "Exec Default Executor" daemon [_thread_in_native, id=41288, stack(0x00000000422a0000,0x00000000423a0000)]
  0x000000001b78f000 JavaThread "Exec Stream Pumper" daemon [_thread_in_native, id=41060, stack(0x00000000421a0000,0x00000000422a0000)]
  0x000000001b792000 JavaThread "Exec Stream Pumper" daemon [_thread_in_native, id=41056, stack(0x00000000420a0000,0x00000000421a0000)]
  0x000000001b791800 JavaThread "Exec Default Executor" daemon [_thread_in_native, id=34720, stack(0x0000000041fa0000,0x00000000420a0000)]
  0x000000001b793000 JavaThread "Exec Stream Pumper" daemon [_thread_in_native, id=32188, stack(0x0000000041ea0000,0x0000000041fa0000)]
  0x000000001b78d000 JavaThread "Exec Stream Pumper" daemon [_thread_in_native, id=33920, stack(0x0000000041da0000,0x0000000041ea0000)]
  0x000000001b790000 JavaThread "Exec Default Executor" daemon [_thread_in_native, id=33908, stack(0x0000000041ca0000,0x0000000041da0000)]
  0x000000001b78b800 JavaThread "Exec Stream Pumper" daemon [_thread_in_native, id=33232, stack(0x0000000041ba0000,0x0000000041ca0000)]
  0x000000001b78e800 JavaThread "Exec Stream Pumper" daemon [_thread_in_native, id=38824, stack(0x0000000041aa0000,0x0000000041ba0000)]
  0x000000001b78d800 JavaThread "Exec Default Executor" daemon [_thread_in_native, id=40368, stack(0x00000000419a0000,0x0000000041aa0000)]
  0x000000001b78c000 JavaThread "Exec Stream Pumper" daemon [_thread_in_native, id=36816, stack(0x00000000417a0000,0x00000000418a0000)]
  0x000000001b787800 JavaThread "Exec Stream Pumper" daemon [_thread_in_native, id=40524, stack(0x00000000416a0000,0x00000000417a0000)]
  0x000000001b78a000 JavaThread "Exec Default Executor" daemon [_thread_in_native, id=38876, stack(0x00000000415a0000,0x00000000416a0000)]
  0x000000001b78a800 JavaThread "Exec Stream Pumper" daemon [_thread_in_native, id=34052, stack(0x00000000414a0000,0x00000000415a0000)]
  0x000000001b789000 JavaThread "Exec Stream Pumper" daemon [_thread_in_native, id=38164, stack(0x00000000413a0000,0x00000000414a0000)]
  0x000000001b788800 JavaThread "Exec Default Executor" daemon [_thread_in_native, id=36436, stack(0x00000000412a0000,0x00000000413a0000)]
  0x000000001b784000 JavaThread "Exec Stream Pumper" daemon [_thread_in_native, id=39612, stack(0x00000000411a0000,0x00000000412a0000)]
  0x000000001b787000 JavaThread "Exec Stream Pumper" daemon [_thread_in_native, id=37604, stack(0x00000000410a0000,0x00000000411a0000)]
  0x000000001b77c800 JavaThread "Exec Default Executor" daemon [_thread_in_native, id=40908, stack(0x000000001b510000,0x000000001b610000)]
  0x000000001b785800 JavaThread "Exec Stream Pumper" daemon [_thread_in_native, id=40552, stack(0x0000000040fa0000,0x00000000410a0000)]
  0x000000001b784800 JavaThread "Exec Stream Pumper" daemon [_thread_in_native, id=40548, stack(0x0000000040ea0000,0x0000000040fa0000)]
  0x000000001b781800 JavaThread "Exec Default Executor" daemon [_thread_in_native, id=40532, stack(0x0000000040da0000,0x0000000040ea0000)]
  0x000000001b783000 JavaThread "Exec Stream Pumper" daemon [_thread_in_native, id=40240, stack(0x0000000040ca0000,0x0000000040da0000)]
  0x000000001b782800 JavaThread "Exec Stream Pumper" daemon [_thread_in_native, id=40236, stack(0x0000000040ba0000,0x0000000040ca0000)]
  0x000000001b77e000 JavaThread "Exec Default Executor" daemon [_thread_in_native, id=40220, stack(0x0000000040aa0000,0x0000000040ba0000)]
  0x000000001b781000 JavaThread "Exec Stream Pumper" daemon [_thread_in_native, id=40004, stack(0x00000000409a0000,0x0000000040aa0000)]
  0x000000001b780000 JavaThread "Exec Stream Pumper" daemon [_thread_in_native, id=40000, stack(0x00000000402a0000,0x00000000403a0000)]
  0x000000001b77e800 JavaThread "Exec Default Executor" daemon [_thread_in_native, id=39984, stack(0x000000003f6a0000,0x000000003f7a0000)]
  0x000000001b77f800 JavaThread "Exec Stream Pumper" daemon [_thread_in_native, id=38224, stack(0x00000000408a0000,0x00000000409a0000)]
  0x000000001b77a000 JavaThread "Exec Stream Pumper" daemon [_thread_in_native, id=39288, stack(0x00000000407a0000,0x00000000408a0000)]
  0x000000001b77d000 JavaThread "Exec Default Executor" daemon [_thread_in_native, id=38208, stack(0x00000000406a0000,0x00000000407a0000)]
  0x000000001b778800 JavaThread "Exec Stream Pumper" daemon [_thread_in_native, id=37044, stack(0x00000000405a0000,0x00000000406a0000)]
  0x000000001b77b800 JavaThread "Exec Stream Pumper" daemon [_thread_in_native, id=37052, stack(0x00000000404a0000,0x00000000405a0000)]
  0x000000001b77a800 JavaThread "Exec Default Executor" daemon [_thread_in_native, id=37616, stack(0x00000000403a0000,0x00000000404a0000)]
  0x000000001b777000 JavaThread "Exec Stream Pumper" daemon [_thread_in_native, id=38804, stack(0x00000000401a0000,0x00000000402a0000)]
  0x000000001b777800 JavaThread "Exec Stream Pumper" daemon [_thread_in_native, id=39692, stack(0x000000003ffa0000,0x00000000400a0000)]
  0x000000001b779000 JavaThread "Exec Default Executor" daemon [_thread_in_native, id=39000, stack(0x00000000400a0000,0x00000000401a0000)]
  0x000000001b773000 JavaThread "Exec Stream Pumper" daemon [_thread_in_native, id=38756, stack(0x000000003fea0000,0x000000003ffa0000)]
  0x000000001b776000 JavaThread "Exec Stream Pumper" daemon [_thread_in_native, id=38752, stack(0x000000003fda0000,0x000000003fea0000)]
  0x000000001b775800 JavaThread "Exec Default Executor" daemon [_thread_in_native, id=38560, stack(0x000000003f7a0000,0x000000003f8a0000)]
  0x000000001b774000 JavaThread "Exec Stream Pumper" daemon [_thread_in_native, id=39864, stack(0x000000003fca0000,0x000000003fda0000)]
  0x000000001b772800 JavaThread "Exec Stream Pumper" daemon [_thread_in_native, id=39860, stack(0x000000003fba0000,0x000000003fca0000)]
  0x000000001b774800 JavaThread "Exec Default Executor" daemon [_thread_in_native, id=39844, stack(0x000000003a570000,0x000000003a670000)]
  0x000000001b76f800 JavaThread "Exec Stream Pumper" daemon [_thread_in_native, id=39656, stack(0x000000003faa0000,0x000000003fba0000)]
  0x000000001b771000 JavaThread "Exec Stream Pumper" daemon [_thread_in_native, id=39652, stack(0x000000003f9a0000,0x000000003faa0000)]
  0x000000001b771800 JavaThread "Exec Default Executor" daemon [_thread_in_native, id=39632, stack(0x000000003f8a0000,0x000000003f9a0000)]
  0x000000001b76d000 JavaThread "Exec Stream Pumper" daemon [_thread_in_native, id=39372, stack(0x000000003f4a0000,0x000000003f5a0000)]
  0x000000001b770000 JavaThread "Exec Stream Pumper" daemon [_thread_in_native, id=39368, stack(0x000000003f3a0000,0x000000003f4a0000)]
  0x000000001b768000 JavaThread "Exec Default Executor" daemon [_thread_in_native, id=39348, stack(0x000000003e7a0000,0x000000003e8a0000)]
  0x000000001b76e800 JavaThread "Exec Stream Pumper" daemon [_thread_in_native, id=39036, stack(0x000000003f2a0000,0x000000003f3a0000)]
  0x000000001b76e000 JavaThread "Exec Stream Pumper" daemon [_thread_in_native, id=39032, stack(0x000000003f1a0000,0x000000003f2a0000)]
  0x000000001b76b000 JavaThread "Exec Default Executor" daemon [_thread_in_native, id=39016, stack(0x000000003f0a0000,0x000000003f1a0000)]
  0x000000001b76c800 JavaThread "Exec Stream Pumper" daemon [_thread_in_native, id=37276, stack(0x000000003efa0000,0x000000003f0a0000)]
  0x000000001b76b800 JavaThread "Exec Stream Pumper" daemon [_thread_in_native, id=37268, stack(0x000000003eea0000,0x000000003efa0000)]
  0x000000001b76a000 JavaThread "Exec Default Executor" daemon [_thread_in_native, id=38116, stack(0x000000003eda0000,0x000000003eea0000)]
  0x000000001b229800 JavaThread "Exec Stream Pumper" daemon [_thread_blocked, id=38636, stack(0x000000003e9a0000,0x000000003eaa0000)]
  0x000000001b22a000 JavaThread "Exec Stream Pumper" daemon [_thread_in_native, id=38628, stack(0x000000003e8a0000,0x000000003e9a0000)]
  0x000000001b22c800 JavaThread "Exec Default Executor" daemon [_thread_in_native, id=26864, stack(0x000000003e5a0000,0x000000003e6a0000)]
  0x000000001b228000 JavaThread "Exec Stream Pumper" daemon [_thread_in_native, id=38140, stack(0x000000003e4a0000,0x000000003e5a0000)]
  0x000000001b225800 JavaThread "Exec Stream Pumper" daemon [_thread_in_native, id=32404, stack(0x000000003e3a0000,0x000000003e4a0000)]
  0x000000001b228800 JavaThread "Exec Default Executor" daemon [_thread_in_native, id=27544, stack(0x000000003d4a0000,0x000000003d5a0000)]
  0x000000001b224000 JavaThread "Exec Stream Pumper" daemon [_thread_in_native, id=38832, stack(0x000000003e2a0000,0x000000003e3a0000)]
  0x000000001b225000 JavaThread "Exec Stream Pumper" daemon [_thread_in_native, id=38828, stack(0x000000003e1a0000,0x000000003e2a0000)]
  0x000000001b227000 JavaThread "Exec Default Executor" daemon [_thread_in_native, id=38812, stack(0x000000003d5a0000,0x000000003d6a0000)]
  0x000000001b223800 JavaThread "Exec Stream Pumper" daemon [_thread_in_native, id=38648, stack(0x000000003e0a0000,0x000000003e1a0000)]
  0x000000001b226800 JavaThread "Exec Stream Pumper" daemon [_thread_in_native, id=38644, stack(0x000000003dfa0000,0x000000003e0a0000)]
  0x000000001b222800 JavaThread "Exec Default Executor" daemon [_thread_in_native, id=38608, stack(0x000000003dea0000,0x000000003dfa0000)]
  0x000000001b21f800 JavaThread "Exec Stream Pumper" daemon [_thread_in_native, id=38284, stack(0x000000003dda0000,0x000000003dea0000)]
  0x000000001b221000 JavaThread "Exec Stream Pumper" daemon [_thread_in_native, id=38280, stack(0x000000003dba0000,0x000000003dca0000)]
  0x000000001b21f000 JavaThread "Exec Default Executor" daemon [_thread_in_native, id=38144, stack(0x000000003dca0000,0x000000003dda0000)]
  0x000000001b220800 JavaThread "Exec Stream Pumper" daemon [_thread_in_native, id=37972, stack(0x000000003daa0000,0x000000003dba0000)]
  0x000000001b222000 JavaThread "Exec Stream Pumper" daemon [_thread_in_native, id=37968, stack(0x000000003d9a0000,0x000000003daa0000)]
  0x000000001b21e000 JavaThread "Exec Default Executor" daemon [_thread_in_native, id=37952, stack(0x000000003d8a0000,0x000000003d9a0000)]
  0x000000001b21d800 JavaThread "Exec Stream Pumper" daemon [_thread_in_native, id=36380, stack(0x000000003d7a0000,0x000000003d8a0000)]
  0x000000001b217800 JavaThread "Exec Stream Pumper" daemon [_thread_in_native, id=36228, stack(0x000000003cda0000,0x000000003cea0000)]
  0x000000001b21c800 JavaThread "Exec Default Executor" daemon [_thread_in_native, id=36204, stack(0x000000003d6a0000,0x000000003d7a0000)]
  0x000000001b21a800 JavaThread "Exec Stream Pumper" daemon [_thread_in_native, id=35812, stack(0x000000003d3a0000,0x000000003d4a0000)]
  0x000000001b21b000 JavaThread "Exec Stream Pumper" daemon [_thread_in_native, id=35808, stack(0x000000003d2a0000,0x000000003d3a0000)]
  0x000000001b21c000 JavaThread "Exec Default Executor" daemon [_thread_in_native, id=27724, stack(0x000000003d1a0000,0x000000003d2a0000)]
  0x000000001b216800 JavaThread "Exec Stream Pumper" daemon [_thread_in_native, id=20340, stack(0x000000003d0a0000,0x000000003d1a0000)]
  0x000000001b219800 JavaThread "Exec Stream Pumper" daemon [_thread_in_native, id=27808, stack(0x000000003cfa0000,0x000000003d0a0000)]
  0x000000001b219000 JavaThread "Exec Default Executor" daemon [_thread_in_native, id=37112, stack(0x000000003cea0000,0x000000003cfa0000)]
  0x000000001b216000 JavaThread "Exec Stream Pumper" daemon [_thread_in_native, id=37828, stack(0x000000003cca0000,0x000000003cda0000)]
  0x000000001b215000 JavaThread "Exec Stream Pumper" daemon [_thread_in_native, id=37824, stack(0x000000003cba0000,0x000000003cca0000)]
  0x000000001b218000 JavaThread "Exec Default Executor" daemon [_thread_in_native, id=37808, stack(0x000000003caa0000,0x000000003cba0000)]
  0x000000001b213800 JavaThread "Exec Stream Pumper" daemon [_thread_in_native, id=37636, stack(0x000000003c9a0000,0x000000003caa0000)]
  0x000000001b214800 JavaThread "Exec Stream Pumper" daemon [_thread_in_native, id=37632, stack(0x000000003c7a0000,0x000000003c8a0000)]
  0x000000001b213000 JavaThread "Exec Default Executor" daemon [_thread_in_native, id=37588, stack(0x000000003c8a0000,0x000000003c9a0000)]
  0x000000001b210000 JavaThread "Exec Stream Pumper" daemon [_thread_blocked, id=37384, stack(0x000000003c6a0000,0x000000003c7a0000)]
  0x000000001b212000 JavaThread "Exec Stream Pumper" daemon [_thread_in_native, id=37380, stack(0x000000003c5a0000,0x000000003c6a0000)]
  0x000000001b20e800 JavaThread "Exec Default Executor" daemon [_thread_in_native, id=37364, stack(0x000000003bea0000,0x000000003bfa0000)]
  0x000000001b211800 JavaThread "Exec Stream Pumper" daemon [_thread_in_native, id=37100, stack(0x000000003c4a0000,0x000000003c5a0000)]
  0x000000001b210800 JavaThread "Exec Stream Pumper" daemon [_thread_in_native, id=37096, stack(0x000000003c3a0000,0x000000003c4a0000)]
  0x000000001b20d000 JavaThread "Exec Default Executor" daemon [_thread_in_native, id=37080, stack(0x000000003c2a0000,0x000000003c3a0000)]
  0x000000001b20d800 JavaThread "Exec Stream Pumper" daemon [_thread_in_native, id=36924, stack(0x000000003c1a0000,0x000000003c2a0000)]
  0x000000001b20c000 JavaThread "Exec Stream Pumper" daemon [_thread_in_native, id=36920, stack(0x000000003c0a0000,0x000000003c1a0000)]
  0x000000001b20f000 JavaThread "Exec Default Executor" daemon [_thread_in_native, id=36904, stack(0x000000003bfa0000,0x000000003c0a0000)]
  0x000000001b20a800 JavaThread "Exec Stream Pumper" daemon [_thread_in_native, id=32820, stack(0x000000003bda0000,0x000000003bea0000)]
  0x000000001b20b800 JavaThread "Exec Stream Pumper" daemon [_thread_in_native, id=33748, stack(0x000000003bca0000,0x000000003bda0000)]
  0x000000001b208800 JavaThread "Exec Default Executor" daemon [_thread_in_native, id=34636, stack(0x000000003b8a0000,0x000000003b9a0000)]
  0x000000001b207000 JavaThread "Exec Stream Pumper" daemon [_thread_in_native, id=34648, stack(0x000000003bba0000,0x000000003bca0000)]
  0x000000001b20a000 JavaThread "Exec Stream Pumper" daemon [_thread_in_native, id=16016, stack(0x000000003baa0000,0x000000003bba0000)]
  0x000000001b209000 JavaThread "Exec Default Executor" daemon [_thread_in_native, id=31360, stack(0x000000003b9a0000,0x000000003baa0000)]
  0x000000001b205800 JavaThread "Exec Stream Pumper" daemon [_thread_in_native, id=30876, stack(0x000000003b7a0000,0x000000003b8a0000)]
  0x000000001b206000 JavaThread "Exec Stream Pumper" daemon [_thread_in_native, id=34632, stack(0x000000003b6a0000,0x000000003b7a0000)]
  0x000000001b207800 JavaThread "Exec Default Executor" daemon [_thread_in_native, id=33032, stack(0x000000003b5a0000,0x000000003b6a0000)]
  0x000000001b202800 JavaThread "Exec Stream Pumper" daemon [_thread_in_native, id=36732, stack(0x000000003b4a0000,0x000000003b5a0000)]
  0x000000001b204000 JavaThread "Exec Stream Pumper" daemon [_thread_in_native, id=36728, stack(0x000000003b3a0000,0x000000003b4a0000)]
  0x000000001b1f1800 JavaThread "Exec Default Executor" daemon [_thread_in_native, id=36716, stack(0x0000000039a70000,0x0000000039b70000)]
  0x000000001b203000 JavaThread "Exec Stream Pumper" daemon [_thread_in_native, id=35836, stack(0x000000003b2a0000,0x000000003b3a0000)]
  0x000000001b204800 JavaThread "Exec Stream Pumper" daemon [_thread_in_native, id=35832, stack(0x000000003b1a0000,0x000000003b2a0000)]
  0x000000001b201800 JavaThread "Exec Default Executor" daemon [_thread_in_native, id=35652, stack(0x000000003a470000,0x000000003a570000)]
  0x000000001b200000 JavaThread "Exec Stream Pumper" daemon [_thread_in_native, id=10516, stack(0x000000003b0a0000,0x000000003b1a0000)]
  0x000000001b200800 JavaThread "Exec Stream Pumper" daemon [_thread_in_native, id=24152, stack(0x000000003afa0000,0x000000003b0a0000)]
  0x000000001b1ff000 JavaThread "Exec Default Executor" daemon [_thread_in_native, id=29700, stack(0x000000003aea0000,0x000000003afa0000)]
  0x000000001b1fa800 JavaThread "Exec Stream Pumper" daemon [_thread_in_native, id=24828, stack(0x000000003ada0000,0x000000003aea0000)]
  0x000000001b1fd800 JavaThread "Exec Stream Pumper" daemon [_thread_in_native, id=30812, stack(0x000000003aca0000,0x000000003ada0000)]
  0x000000001b1fb800 JavaThread "Exec Default Executor" daemon [_thread_in_native, id=28784, stack(0x000000003aba0000,0x000000003aca0000)]
  0x000000001b1fc000 JavaThread "Exec Stream Pumper" daemon [_thread_in_native, id=32904, stack(0x000000003aaa0000,0x000000003aba0000)]
  0x000000001b1fd000 JavaThread "Exec Stream Pumper" daemon [_thread_in_native, id=32540, stack(0x000000003a870000,0x000000003a970000)]
  0x000000001b1f7000 JavaThread "Exec Default Executor" daemon [_thread_in_native, id=33260, stack(0x000000003a9a0000,0x000000003aaa0000)]
  0x000000001b1fa000 JavaThread "Exec Stream Pumper" daemon [_thread_in_native, id=33508, stack(0x000000003a770000,0x000000003a870000)]
  0x000000001b1f9000 JavaThread "Exec Stream Pumper" daemon [_thread_in_native, id=32932, stack(0x000000003a670000,0x000000003a770000)]
  0x000000001b1f7800 JavaThread "Exec Default Executor" daemon [_thread_in_native, id=33308, stack(0x000000003a370000,0x000000003a470000)]
  0x000000001b1f8800 JavaThread "Exec Stream Pumper" daemon [_thread_in_native, id=34616, stack(0x000000003a270000,0x000000003a370000)]
  0x000000001b1f3000 JavaThread "Exec Stream Pumper" daemon [_thread_in_native, id=34624, stack(0x000000003a170000,0x000000003a270000)]
  0x000000001b1f6000 JavaThread "Exec Default Executor" daemon [_thread_in_native, id=29488, stack(0x000000003a070000,0x000000003a170000)]
  0x000000001b1f4800 JavaThread "Exec Stream Pumper" daemon [_thread_in_native, id=33916, stack(0x0000000039f70000,0x000000003a070000)]
  0x000000001b1f5800 JavaThread "Exec Stream Pumper" daemon [_thread_in_native, id=31688, stack(0x0000000039e70000,0x0000000039f70000)]
  0x000000001b1f4000 JavaThread "Exec Default Executor" daemon [_thread_in_native, id=33636, stack(0x0000000039d70000,0x0000000039e70000)]
  0x000000001b1f0000 JavaThread "Exec Stream Pumper" daemon [_thread_in_native, id=34788, stack(0x0000000039c70000,0x0000000039d70000)]
  0x000000001b1f2800 JavaThread "Exec Stream Pumper" daemon [_thread_in_native, id=33764, stack(0x0000000039b70000,0x0000000039c70000)]
  0x000000001b1f1000 JavaThread "Exec Default Executor" daemon [_thread_in_native, id=33052, stack(0x0000000038770000,0x0000000038870000)]
  0x000000001b1ed000 JavaThread "Exec Stream Pumper" daemon [_thread_in_native, id=32020, stack(0x0000000039970000,0x0000000039a70000)]
  0x000000001b1ec800 JavaThread "Exec Stream Pumper" daemon [_thread_in_native, id=31172, stack(0x0000000039870000,0x0000000039970000)]
  0x000000001b1ef800 JavaThread "Exec Default Executor" daemon [_thread_in_native, id=31940, stack(0x0000000039770000,0x0000000039870000)]
  0x000000001b1ee800 JavaThread "Exec Stream Pumper" daemon [_thread_in_native, id=33592, stack(0x0000000039670000,0x0000000039770000)]
  0x000000001b1ee000 JavaThread "Exec Stream Pumper" daemon [_thread_in_native, id=30560, stack(0x0000000039570000,0x0000000039670000)]
  0x000000001a183800 JavaThread "Exec Default Executor" daemon [_thread_in_native, id=33668, stack(0x0000000039470000,0x0000000039570000)]
  0x000000001bf13800 JavaThread "Exec Stream Pumper" daemon [_thread_in_native, id=33552, stack(0x0000000039370000,0x0000000039470000)]
  0x000000001bf14800 JavaThread "Exec Stream Pumper" daemon [_thread_in_native, id=33488, stack(0x0000000039270000,0x0000000039370000)]
  0x000000001bef8800 JavaThread "Exec Default Executor" daemon [_thread_in_native, id=34752, stack(0x0000000037070000,0x0000000037170000)]
  0x000000001bf10000 JavaThread "Exec Stream Pumper" daemon [_thread_in_native, id=34164, stack(0x0000000039170000,0x0000000039270000)]
  0x000000001bf13000 JavaThread "Exec Stream Pumper" daemon [_thread_in_native, id=34172, stack(0x0000000039070000,0x0000000039170000)]
  0x000000001bf0f000 JavaThread "Exec Default Executor" daemon [_thread_in_native, id=34256, stack(0x0000000038f70000,0x0000000039070000)]
  0x000000001bf12000 JavaThread "Exec Stream Pumper" daemon [_thread_in_native, id=34008, stack(0x0000000038e70000,0x0000000038f70000)]
  0x000000001bf11800 JavaThread "Exec Stream Pumper" daemon [_thread_in_native, id=33960, stack(0x0000000038d70000,0x0000000038e70000)]
  0x000000001bf0e800 JavaThread "Exec Stream Pumper" daemon [_thread_in_native, id=33876, stack(0x0000000038c70000,0x0000000038d70000)]
  0x000000001bf10800 JavaThread "Exec Stream Pumper" daemon [_thread_in_native, id=33872, stack(0x0000000038b70000,0x0000000038c70000)]
  0x000000001bf0a800 JavaThread "Exec Stream Pumper" daemon [_thread_in_native, id=28324, stack(0x0000000038a70000,0x0000000038b70000)]
  0x000000001bf0d000 JavaThread "Exec Stream Pumper" daemon [_thread_in_native, id=32100, stack(0x0000000038270000,0x0000000038370000)]
  0x000000001bf0d800 JavaThread "Exec Default Executor" daemon [_thread_in_native, id=32660, stack(0x0000000038170000,0x0000000038270000)]
  0x000000001bf0c000 JavaThread "Exec Stream Pumper" daemon [_thread_in_native, id=32356, stack(0x0000000038970000,0x0000000038a70000)]
  0x000000001bf0b800 JavaThread "Exec Stream Pumper" daemon [_thread_in_native, id=32352, stack(0x0000000038870000,0x0000000038970000)]
  0x000000001bf0a000 JavaThread "Exec Default Executor" daemon [_thread_in_native, id=31184, stack(0x0000000038670000,0x0000000038770000)]
  0x000000001bf01000 JavaThread "Exec Default Executor" daemon [_thread_in_native, id=32008, stack(0x0000000037770000,0x0000000037870000)]
  0x000000001bf09000 JavaThread "Exec Default Executor" daemon [_thread_in_native, id=33280, stack(0x0000000038570000,0x0000000038670000)]
  0x000000001bf08800 JavaThread "Exec Stream Pumper" daemon [_thread_in_native, id=34644, stack(0x0000000038470000,0x0000000038570000)]
  0x000000001bf07800 JavaThread "Exec Stream Pumper" daemon [_thread_in_native, id=33092, stack(0x0000000038370000,0x0000000038470000)]
  0x000000001bf05800 JavaThread "Exec Default Executor" daemon [_thread_in_native, id=32984, stack(0x0000000038070000,0x0000000038170000)]
  0x000000001bf06000 JavaThread "Exec Stream Pumper" daemon [_thread_in_native, id=32700, stack(0x0000000037e70000,0x0000000037f70000)]
  0x000000001bf02800 JavaThread "Exec Stream Pumper" daemon [_thread_in_native, id=32696, stack(0x0000000037d70000,0x0000000037e70000)]
  0x000000001bf04000 JavaThread "Exec Default Executor" daemon [_thread_in_native, id=32680, stack(0x0000000037c70000,0x0000000037d70000)]
  0x000000001bf03000 JavaThread "Exec Stream Pumper" daemon [_thread_in_native, id=32648, stack(0x0000000037b70000,0x0000000037c70000)]
  0x000000001bf04800 JavaThread "Exec Stream Pumper" daemon [_thread_in_native, id=32456, stack(0x0000000037a70000,0x0000000037b70000)]
  0x000000001bf00000 JavaThread "Exec Stream Pumper" daemon [_thread_in_native, id=32440, stack(0x0000000037970000,0x0000000037a70000)]
  0x000000001bf01800 JavaThread "Exec Stream Pumper" daemon [_thread_in_native, id=32348, stack(0x0000000037870000,0x0000000037970000)]
  0x000000001bedf000 JavaThread "Exec Default Executor" daemon [_thread_in_native, id=31996, stack(0x0000000034c70000,0x0000000034d70000)]
  0x000000001befd000 JavaThread "Exec Default Executor" daemon [_thread_in_native, id=30568, stack(0x0000000037670000,0x0000000037770000)]
  0x000000001befe800 JavaThread "Exec Stream Pumper" daemon [_thread_in_native, id=34772, stack(0x0000000037570000,0x0000000037670000)]
  0x000000001beff800 JavaThread "Exec Stream Pumper" daemon [_thread_in_native, id=34768, stack(0x0000000037470000,0x0000000037570000)]
  0x000000001befb800 JavaThread "Exec Default Executor" daemon [_thread_in_native, id=34748, stack(0x0000000037370000,0x0000000037470000)]
  0x000000001befc000 JavaThread "Exec Stream Pumper" daemon [_thread_in_native, id=34380, stack(0x0000000037270000,0x0000000037370000)]
  0x000000001befd800 JavaThread "Exec Stream Pumper" daemon [_thread_in_native, id=34376, stack(0x0000000037170000,0x0000000037270000)]
  0x000000001bef4800 JavaThread "Exec Default Executor" daemon [_thread_in_native, id=34280, stack(0x0000000036c70000,0x0000000036d70000)]
  0x000000001befa000 JavaThread "Exec Stream Pumper" daemon [_thread_in_native, id=33984, stack(0x0000000036f70000,0x0000000037070000)]
  0x000000001bef9000 JavaThread "Exec Stream Pumper" daemon [_thread_in_native, id=33980, stack(0x0000000036e70000,0x0000000036f70000)]
  0x000000001befa800 JavaThread "Exec Default Executor" daemon [_thread_in_native, id=33936, stack(0x0000000036d70000,0x0000000036e70000)]
  0x000000001bef7800 JavaThread "Exec Stream Pumper" daemon [_thread_in_native, id=30216, stack(0x0000000036870000,0x0000000036970000)]
  0x000000001bef7000 JavaThread "Exec Stream Pumper" daemon [_thread_in_native, id=30204, stack(0x0000000036170000,0x0000000036270000)]
  0x000000001bef3000 JavaThread "Exec Default Executor" daemon [_thread_in_native, id=22268, stack(0x0000000036070000,0x0000000036170000)]
  0x000000001bef6000 JavaThread "Exec Stream Pumper" daemon [_thread_in_native, id=11724, stack(0x0000000036b70000,0x0000000036c70000)]
  0x000000001bef5800 JavaThread "Exec Stream Pumper" daemon [_thread_in_native, id=29132, stack(0x0000000036a70000,0x0000000036b70000)]
  0x000000001bef4000 JavaThread "Exec Default Executor" daemon [_thread_in_native, id=30532, stack(0x0000000036970000,0x0000000036a70000)]
  0x000000001beef800 JavaThread "Exec Stream Pumper" daemon [_thread_in_native, id=31388, stack(0x0000000036770000,0x0000000036870000)]
  0x000000001bef2800 JavaThread "Exec Stream Pumper" daemon [_thread_in_native, id=31520, stack(0x0000000036670000,0x0000000036770000)]
  0x000000001bef1800 JavaThread "Exec Default Executor" daemon [_thread_in_native, id=31404, stack(0x0000000036570000,0x0000000036670000)]
  0x000000001bef1000 JavaThread "Exec Stream Pumper" daemon [_thread_in_native, id=32676, stack(0x0000000036470000,0x0000000036570000)]
  0x000000001bef0000 JavaThread "Exec Stream Pumper" daemon [_thread_in_native, id=31252, stack(0x0000000036370000,0x0000000036470000)]
  0x000000001beec800 JavaThread "Exec Default Executor" daemon [_thread_in_native, id=31888, stack(0x0000000036270000,0x0000000036370000)]
  0x000000001beed000 JavaThread "Exec Stream Pumper" daemon [_thread_in_native, id=32852, stack(0x0000000035f70000,0x0000000036070000)]
  0x000000001beeb800 JavaThread "Exec Stream Pumper" daemon [_thread_in_native, id=32848, stack(0x0000000035e70000,0x0000000035f70000)]
  0x000000001bee8000 JavaThread "Exec Default Executor" daemon [_thread_in_native, id=32776, stack(0x0000000035a70000,0x0000000035b70000)]
  0x000000001beee800 JavaThread "Exec Stream Pumper" daemon [_thread_in_native, id=31988, stack(0x0000000035d70000,0x0000000035e70000)]
  0x000000001beee000 JavaThread "Exec Stream Pumper" daemon [_thread_in_native, id=30884, stack(0x0000000035c70000,0x0000000035d70000)]
  0x000000001beea000 JavaThread "Exec Default Executor" daemon [_thread_in_native, id=31976, stack(0x0000000035b70000,0x0000000035c70000)]
  0x000000001beeb000 JavaThread "Exec Stream Pumper" daemon [_thread_in_native, id=30328, stack(0x0000000035970000,0x0000000035a70000)]
  0x000000001bee6800 JavaThread "Exec Stream Pumper" daemon [_thread_in_native, id=29448, stack(0x0000000035870000,0x0000000035970000)]
  0x000000001bee9800 JavaThread "Exec Default Executor" daemon [_thread_in_native, id=29604, stack(0x0000000035770000,0x0000000035870000)]
  0x000000001bee5800 JavaThread "Exec Stream Pumper" daemon [_thread_in_native, id=24056, stack(0x0000000035670000,0x0000000035770000)]
  0x000000001bee8800 JavaThread "Exec Stream Pumper" daemon [_thread_in_native, id=19244, stack(0x0000000035570000,0x0000000035670000)]
  0x000000001bee7000 JavaThread "Exec Default Executor" daemon [_thread_in_native, id=29704, stack(0x0000000031670000,0x0000000031770000)]
  0x000000001bee2000 JavaThread "Exec Stream Pumper" daemon [_thread_in_native, id=27104, stack(0x0000000035470000,0x0000000035570000)]
  0x000000001bee4000 JavaThread "Exec Stream Pumper" daemon [_thread_in_native, id=32040, stack(0x0000000035370000,0x0000000035470000)]
  0x000000001bee5000 JavaThread "Exec Default Executor" daemon [_thread_in_native, id=30996, stack(0x0000000035270000,0x0000000035370000)]
  0x000000001bee3800 JavaThread "Exec Stream Pumper" daemon [_thread_in_native, id=31676, stack(0x0000000035170000,0x0000000035270000)]
  0x000000001bee2800 JavaThread "Exec Stream Pumper" daemon [_thread_in_native, id=32376, stack(0x0000000035070000,0x0000000035170000)]
  0x000000001bedf800 JavaThread "Exec Default Executor" daemon [_thread_in_native, id=30180, stack(0x0000000034f70000,0x0000000035070000)]
  0x000000001bee1000 JavaThread "Exec Stream Pumper" daemon [_thread_in_native, id=22856, stack(0x0000000034e70000,0x0000000034f70000)]
  0x000000001bee0800 JavaThread "Exec Stream Pumper" daemon [_thread_in_native, id=11368, stack(0x0000000034d70000,0x0000000034e70000)]
  0x000000001bedc800 JavaThread "Exec Default Executor" daemon [_thread_in_native, id=31376, stack(0x0000000034b70000,0x0000000034c70000)]
  0x000000001bede000 JavaThread "Exec Stream Pumper" daemon [_thread_in_native, id=32504, stack(0x0000000034a70000,0x0000000034b70000)]
  0x000000001bedd800 JavaThread "Exec Stream Pumper" daemon [_thread_in_native, id=32500, stack(0x0000000034070000,0x0000000034170000)]
  0x000000001bed9800 JavaThread "Exec Default Executor" daemon [_thread_in_native, id=32480, stack(0x0000000033f70000,0x0000000034070000)]
  0x000000001bedc000 JavaThread "Exec Stream Pumper" daemon [_thread_in_native, id=32216, stack(0x0000000034970000,0x0000000034a70000)]
  0x000000001bed5000 JavaThread "Exec Stream Pumper" daemon [_thread_in_native, id=32212, stack(0x0000000034870000,0x0000000034970000)]
  0x000000001bed8000 JavaThread "Exec Default Executor" daemon [_thread_in_native, id=32172, stack(0x0000000034470000,0x0000000034570000)]
  0x000000001bed9000 JavaThread "Exec Stream Pumper" daemon [_thread_in_native, id=31896, stack(0x0000000034770000,0x0000000034870000)]
  0x000000001beda800 JavaThread "Exec Stream Pumper" daemon [_thread_in_native, id=31892, stack(0x0000000034670000,0x0000000034770000)]
  0x000000001bedb000 JavaThread "Exec Default Executor" daemon [_thread_in_native, id=31868, stack(0x0000000034570000,0x0000000034670000)]
  0x000000001bed6800 JavaThread "Exec Stream Pumper" daemon [_thread_in_native, id=30444, stack(0x0000000034370000,0x0000000034470000)]
  0x000000001bed6000 JavaThread "Exec Stream Pumper" daemon [_thread_in_native, id=28364, stack(0x0000000034270000,0x0000000034370000)]
  0x000000001bed7800 JavaThread "Exec Default Executor" daemon [_thread_in_native, id=30428, stack(0x0000000034170000,0x0000000034270000)]
  0x000000001a19f800 JavaThread "Exec Stream Pumper" daemon [_thread_in_native, id=27856, stack(0x0000000033e70000,0x0000000033f70000)]
  0x000000001a1a0000 JavaThread "Exec Stream Pumper" daemon [_thread_in_native, id=23996, stack(0x0000000033d70000,0x0000000033e70000)]
  0x000000001a1a1000 JavaThread "Exec Default Executor" daemon [_thread_in_native, id=24168, stack(0x0000000033c70000,0x0000000033d70000)]
  0x000000001a1a1800 JavaThread "Exec Stream Pumper" daemon [_thread_in_native, id=22732, stack(0x0000000033b70000,0x0000000033c70000)]
  0x000000001a19b800 JavaThread "Exec Stream Pumper" daemon [_thread_in_native, id=27968, stack(0x0000000033a70000,0x0000000033b70000)]
  0x000000001a19e800 JavaThread "Exec Default Executor" daemon [_thread_in_native, id=27612, stack(0x0000000033970000,0x0000000033a70000)]
  0x000000001a19b000 JavaThread "Exec Stream Pumper" daemon [_thread_in_native, id=30396, stack(0x0000000033870000,0x0000000033970000)]
  0x000000001a19e000 JavaThread "Exec Stream Pumper" daemon [_thread_in_native, id=29112, stack(0x0000000033770000,0x0000000033870000)]
  0x000000001a19a000 JavaThread "Exec Default Executor" daemon [_thread_in_native, id=22708, stack(0x0000000033670000,0x0000000033770000)]
  0x000000001a19d000 JavaThread "Exec Stream Pumper" daemon [_thread_in_native, id=26980, stack(0x0000000033570000,0x0000000033670000)]
  0x000000001a19c800 JavaThread "Exec Stream Pumper" daemon [_thread_in_native, id=10772, stack(0x0000000033470000,0x0000000033570000)]
  0x000000001a199800 JavaThread "Exec Default Executor" daemon [_thread_in_native, id=30156, stack(0x0000000033370000,0x0000000033470000)]
  0x000000001a196800 JavaThread "Exec Stream Pumper" daemon [_thread_in_native, id=27660, stack(0x0000000033270000,0x0000000033370000)]
  0x000000001a195800 JavaThread "Exec Stream Pumper" daemon [_thread_in_native, id=30808, stack(0x0000000033170000,0x0000000033270000)]
  0x000000001a198800 JavaThread "Exec Default Executor" daemon [_thread_in_native, id=28444, stack(0x0000000033070000,0x0000000033170000)]
  0x000000001a198000 JavaThread "Exec Stream Pumper" daemon [_thread_in_native, id=31508, stack(0x0000000032f70000,0x0000000033070000)]
  0x000000001a197000 JavaThread "Exec Stream Pumper" daemon [_thread_in_native, id=31504, stack(0x0000000032e70000,0x0000000032f70000)]
  0x000000001a192000 JavaThread "Exec Default Executor" daemon [_thread_in_native, id=31488, stack(0x0000000032d70000,0x0000000032e70000)]
  0x000000001a195000 JavaThread "Exec Stream Pumper" daemon [_thread_in_native, id=31212, stack(0x0000000032c70000,0x0000000032d70000)]
  0x000000001a194000 JavaThread "Exec Stream Pumper" daemon [_thread_in_native, id=31208, stack(0x0000000032270000,0x0000000032370000)]
  0x000000001a191000 JavaThread "Exec Default Executor" daemon [_thread_in_native, id=31192, stack(0x0000000032170000,0x0000000032270000)]
  0x000000001a190800 JavaThread "Exec Stream Pumper" daemon [_thread_in_native, id=30440, stack(0x0000000032b70000,0x0000000032c70000)]
  0x000000001a193800 JavaThread "Exec Stream Pumper" daemon [_thread_in_native, id=20708, stack(0x0000000032a70000,0x0000000032b70000)]
  0x000000001a192800 JavaThread "Exec Default Executor" daemon [_thread_in_native, id=29936, stack(0x0000000032970000,0x0000000032a70000)]
  0x000000001a18c800 JavaThread "Exec Stream Pumper" daemon [_thread_in_native, id=29920, stack(0x0000000032870000,0x0000000032970000)]
  0x000000001a18f800 JavaThread "Exec Stream Pumper" daemon [_thread_in_native, id=24516, stack(0x0000000032770000,0x0000000032870000)]
  0x000000001a18d800 JavaThread "Exec Default Executor" daemon [_thread_in_native, id=24132, stack(0x0000000032670000,0x0000000032770000)]
  0x000000001a18c000 JavaThread "Exec Stream Pumper" daemon [_thread_in_native, id=27416, stack(0x0000000032570000,0x0000000032670000)]
  0x000000001a18f000 JavaThread "Exec Stream Pumper" daemon [_thread_in_native, id=30084, stack(0x0000000032470000,0x0000000032570000)]
  0x000000001a18e000 JavaThread "Exec Default Executor" daemon [_thread_in_native, id=28456, stack(0x0000000032370000,0x0000000032470000)]
  0x000000001a189000 JavaThread "Exec Stream Pumper" daemon [_thread_in_native, id=21200, stack(0x0000000032070000,0x0000000032170000)]
  0x000000001a18b000 JavaThread "Exec Stream Pumper" daemon [_thread_in_native, id=29140, stack(0x0000000031f70000,0x0000000032070000)]
  0x000000001a187800 JavaThread "Exec Default Executor" daemon [_thread_in_native, id=30608, stack(0x000000001db70000,0x000000001dc70000)]
  0x000000001a18a800 JavaThread "Exec Stream Pumper" daemon [_thread_in_native, id=29952, stack(0x0000000031e70000,0x0000000031f70000)]
  0x000000001a189800 JavaThread "Exec Stream Pumper" daemon [_thread_in_native, id=29956, stack(0x0000000031d70000,0x0000000031e70000)]
  0x000000001a188000 JavaThread "Exec Default Executor" daemon [_thread_in_native, id=27460, stack(0x0000000031c70000,0x0000000031d70000)]
  0x000000001a186800 JavaThread "Exec Stream Pumper" daemon [_thread_in_native, id=28660, stack(0x0000000031b70000,0x0000000031c70000)]
  0x000000001a183000 JavaThread "Exec Stream Pumper" daemon [_thread_in_native, id=28616, stack(0x0000000031a70000,0x0000000031b70000)]
  0x000000001a186000 JavaThread "Exec Default Executor" daemon [_thread_in_native, id=24712, stack(0x0000000031970000,0x0000000031a70000)]
  0x000000001a185000 JavaThread "Exec Stream Pumper" daemon [_thread_in_native, id=2368, stack(0x0000000031870000,0x0000000031970000)]
  0x000000001a184800 JavaThread "Exec Stream Pumper" daemon [_thread_in_native, id=29432, stack(0x0000000031770000,0x0000000031870000)]
  0x000000001c007000 JavaThread "Exec Default Executor" daemon [_thread_in_native, id=28348, stack(0x0000000030f70000,0x0000000031070000)]
  0x000000001c4a5000 JavaThread "Exec Stream Pumper" daemon [_thread_in_native, id=29392, stack(0x0000000031570000,0x0000000031670000)]
  0x000000001c008800 JavaThread "Exec Stream Pumper" daemon [_thread_in_native, id=29388, stack(0x0000000031470000,0x0000000031570000)]
  0x000000001c009000 JavaThread "Exec Default Executor" daemon [_thread_in_native, id=29372, stack(0x0000000031370000,0x0000000031470000)]
  0x000000001c007800 JavaThread "Exec Stream Pumper" daemon [_thread_in_native, id=23652, stack(0x0000000031270000,0x0000000031370000)]
  0x000000001c00a000 JavaThread "Exec Stream Pumper" daemon [_thread_in_native, id=29896, stack(0x0000000031170000,0x0000000031270000)]
  0x000000001c004000 JavaThread "Exec Default Executor" daemon [_thread_in_native, id=27504, stack(0x0000000031070000,0x0000000031170000)]
  0x000000001c003000 JavaThread "Exec Stream Pumper" daemon [_thread_in_native, id=30500, stack(0x0000000030e70000,0x0000000030f70000)]
  0x000000001c006000 JavaThread "Exec Stream Pumper" daemon [_thread_in_native, id=30496, stack(0x0000000030270000,0x0000000030370000)]
  0x000000001c005800 JavaThread "Exec Default Executor" daemon [_thread_in_native, id=30480, stack(0x0000000030170000,0x0000000030270000)]
  0x000000001c004800 JavaThread "Exec Stream Pumper" daemon [_thread_in_native, id=30108, stack(0x0000000030d70000,0x0000000030e70000)]
  0x000000001bfff800 JavaThread "Exec Stream Pumper" daemon [_thread_in_native, id=30104, stack(0x0000000030c70000,0x0000000030d70000)]
  0x000000001bffe000 JavaThread "Exec Default Executor" daemon [_thread_in_native, id=30088, stack(0x0000000030870000,0x0000000030970000)]
  0x000000001c002800 JavaThread "Exec Stream Pumper" daemon [_thread_in_native, id=29772, stack(0x0000000030b70000,0x0000000030c70000)]
  0x000000001c001800 JavaThread "Exec Stream Pumper" daemon [_thread_in_native, id=29768, stack(0x0000000030a70000,0x0000000030b70000)]
  0x000000001bffe800 JavaThread "Exec Default Executor" daemon [_thread_in_native, id=29752, stack(0x0000000030970000,0x0000000030a70000)]
  0x000000001c001000 JavaThread "Exec Stream Pumper" daemon [_thread_in_native, id=26808, stack(0x0000000030770000,0x0000000030870000)]
  0x000000001c000000 JavaThread "Exec Stream Pumper" daemon [_thread_in_native, id=21808, stack(0x0000000030670000,0x0000000030770000)]
  0x000000001bffd000 JavaThread "Exec Default Executor" daemon [_thread_in_native, id=26728, stack(0x0000000030570000,0x0000000030670000)]
  0x000000001bff9800 JavaThread "Exec Stream Pumper" daemon [_thread_in_native, id=29652, stack(0x0000000030470000,0x0000000030570000)]
  0x000000001bffc800 JavaThread "Exec Stream Pumper" daemon [_thread_in_native, id=28304, stack(0x0000000030370000,0x0000000030470000)]
  0x000000001bff3800 JavaThread "Exec Default Executor" daemon [_thread_in_native, id=28280, stack(0x000000002e870000,0x000000002e970000)]
  0x000000001bffb800 JavaThread "Exec Stream Pumper" daemon [_thread_in_native, id=24864, stack(0x0000000030070000,0x0000000030170000)]
  0x000000001bff8000 JavaThread "Exec Stream Pumper" daemon [_thread_in_native, id=28768, stack(0x000000002ff70000,0x0000000030070000)]
  0x000000001bff8800 JavaThread "Exec Default Executor" daemon [_thread_in_native, id=28724, stack(0x000000002fe70000,0x000000002ff70000)]
  0x000000001bffb000 JavaThread "Exec Stream Pumper" daemon [_thread_in_native, id=26384, stack(0x000000002fd70000,0x000000002fe70000)]
  0x000000001bffa000 JavaThread "Exec Stream Pumper" daemon [_thread_in_native, id=28496, stack(0x000000002fc70000,0x000000002fd70000)]
  0x000000001bff4000 JavaThread "Exec Default Executor" daemon [_thread_in_native, id=23284, stack(0x000000002fb70000,0x000000002fc70000)]
  0x000000001bff7000 JavaThread "Exec Stream Pumper" daemon [_thread_in_native, id=28248, stack(0x000000002fa70000,0x000000002fb70000)]
  0x000000001bff5000 JavaThread "Exec Stream Pumper" daemon [_thread_in_native, id=29336, stack(0x000000002f970000,0x000000002fa70000)]
  0x000000001bff0800 JavaThread "Exec Default Executor" daemon [_thread_in_native, id=27472, stack(0x000000002f870000,0x000000002f970000)]
  0x000000001bff6800 JavaThread "Exec Stream Pumper" daemon [_thread_in_native, id=28620, stack(0x000000002f770000,0x000000002f870000)]
  0x000000001bff5800 JavaThread "Exec Stream Pumper" daemon [_thread_in_native, id=28480, stack(0x000000002f670000,0x000000002f770000)]
  0x000000001bfef800 JavaThread "Exec Default Executor" daemon [_thread_in_native, id=28652, stack(0x000000002f570000,0x000000002f670000)]
  0x000000001bff2800 JavaThread "Exec Stream Pumper" daemon [_thread_in_native, id=26952, stack(0x000000002f470000,0x000000002f570000)]
  0x000000001bff2000 JavaThread "Exec Stream Pumper" daemon [_thread_in_native, id=26812, stack(0x000000002f370000,0x000000002f470000)]
  0x000000001bfec800 JavaThread "Exec Default Executor" daemon [_thread_in_native, id=29680, stack(0x000000002f270000,0x000000002f370000)]
  0x000000001bff1000 JavaThread "Exec Stream Pumper" daemon [_thread_in_native, id=29364, stack(0x000000002f170000,0x000000002f270000)]
  0x000000001bfec000 JavaThread "Exec Stream Pumper" daemon [_thread_in_native, id=29360, stack(0x000000002f070000,0x000000002f170000)]
  0x000000001bfef000 JavaThread "Exec Default Executor" daemon [_thread_in_native, id=29324, stack(0x000000002ef70000,0x000000002f070000)]
  0x000000001bfeb000 JavaThread "Exec Stream Pumper" daemon [_thread_in_native, id=29080, stack(0x000000002ee70000,0x000000002ef70000)]
  0x000000001bfed800 JavaThread "Exec Stream Pumper" daemon [_thread_in_native, id=29076, stack(0x000000002ed70000,0x000000002ee70000)]
  0x000000001bfee000 JavaThread "Exec Default Executor" daemon [_thread_in_native, id=29056, stack(0x000000002ec70000,0x000000002ed70000)]
  0x000000001be21800 JavaThread "Exec Stream Pumper" daemon [_thread_in_native, id=28836, stack(0x000000002eb70000,0x000000002ec70000)]
  0x000000001c4a9800 JavaThread "Exec Stream Pumper" daemon [_thread_in_native, id=28832, stack(0x000000002ea70000,0x000000002eb70000)]
  0x000000001c4a9000 JavaThread "Exec Default Executor" daemon [_thread_in_native, id=28800, stack(0x000000002e970000,0x000000002ea70000)]
  0x000000001c4a8000 JavaThread "Exec Stream Pumper" daemon [_thread_in_native, id=26500, stack(0x000000002e770000,0x000000002e870000)]
  0x000000001c4a4800 JavaThread "Exec Stream Pumper" daemon [_thread_in_native, id=25168, stack(0x000000002dd70000,0x000000002de70000)]
  0x000000001c4a7800 JavaThread "Exec Default Executor" daemon [_thread_in_native, id=24036, stack(0x000000002dc70000,0x000000002dd70000)]
  0x000000001c4a6800 JavaThread "Exec Stream Pumper" daemon [_thread_in_native, id=10612, stack(0x000000002e670000,0x000000002e770000)]
  0x000000001c4a6000 JavaThread "Exec Stream Pumper" daemon [_thread_in_native, id=28220, stack(0x000000002e570000,0x000000002e670000)]
  0x000000001c4a0800 JavaThread "Exec Default Executor" daemon [_thread_in_native, id=22576, stack(0x000000002e470000,0x000000002e570000)]
  0x000000001c4a3800 JavaThread "Exec Stream Pumper" daemon [_thread_in_native, id=23940, stack(0x000000002e370000,0x000000002e470000)]
  0x000000001c4a1800 JavaThread "Exec Stream Pumper" daemon [_thread_in_native, id=23932, stack(0x000000002e270000,0x000000002e370000)]
  0x000000001c49d000 JavaThread "Exec Default Executor" daemon [_thread_in_native, id=27188, stack(0x000000002de70000,0x000000002df70000)]
  0x000000001c4a3000 JavaThread "Exec Stream Pumper" daemon [_thread_in_native, id=28188, stack(0x000000002e170000,0x000000002e270000)]
  0x000000001c4a2000 JavaThread "Exec Stream Pumper" daemon [_thread_in_native, id=28184, stack(0x000000002e070000,0x000000002e170000)]
  0x000000001c49d800 JavaThread "Exec Default Executor" daemon [_thread_in_native, id=28168, stack(0x000000002df70000,0x000000002e070000)]
  0x000000001c4a0000 JavaThread "Exec Stream Pumper" daemon [_thread_in_native, id=27880, stack(0x000000002db70000,0x000000002dc70000)]
  0x000000001c48f800 JavaThread "Exec Stream Pumper" daemon [_thread_in_native, id=27876, stack(0x000000002a570000,0x000000002a670000)]
  0x000000001c49f000 JavaThread "Exec Default Executor" daemon [_thread_in_native, id=21712, stack(0x000000002da70000,0x000000002db70000)]
  0x000000001c49e800 JavaThread "Exec Stream Pumper" daemon [_thread_in_native, id=27264, stack(0x000000002d970000,0x000000002da70000)]
  0x000000001c49c000 JavaThread "Exec Stream Pumper" daemon [_thread_in_native, id=27200, stack(0x000000002d870000,0x000000002d970000)]
  0x000000001c498800 JavaThread "Exec Default Executor" daemon [_thread_in_native, id=23840, stack(0x000000002d770000,0x000000002d870000)]
  0x000000001c49b800 JavaThread "Exec Stream Pumper" daemon [_thread_in_native, id=4296, stack(0x000000002d670000,0x000000002d770000)]
  0x000000001c499000 JavaThread "Exec Stream Pumper" daemon [_thread_in_native, id=23380, stack(0x000000002d570000,0x000000002d670000)]
  0x000000001c497800 JavaThread "Exec Default Executor" daemon [_thread_in_native, id=22908, stack(0x000000002d470000,0x000000002d570000)]
  0x000000001c49a800 JavaThread "Exec Stream Pumper" daemon [_thread_in_native, id=25344, stack(0x000000002d370000,0x000000002d470000)]
  0x000000001c49a000 JavaThread "Exec Stream Pumper" daemon [_thread_in_native, id=21884, stack(0x000000002d270000,0x000000002d370000)]
  0x000000001c494000 JavaThread "Exec Default Executor" daemon [_thread_in_native, id=26644, stack(0x000000002d170000,0x000000002d270000)]
  0x000000001c497000 JavaThread "Exec Stream Pumper" daemon [_thread_in_native, id=27512, stack(0x000000002d070000,0x000000002d170000)]
  0x000000001c494800 JavaThread "Exec Stream Pumper" daemon [_thread_in_native, id=27508, stack(0x000000002cf70000,0x000000002d070000)]
  0x000000001c496000 JavaThread "Exec Default Executor" daemon [_thread_in_native, id=27492, stack(0x000000002ce70000,0x000000002cf70000)]
  0x000000001c495800 JavaThread "Exec Stream Pumper" daemon [_thread_in_native, id=27248, stack(0x000000002cd70000,0x000000002ce70000)]
  0x000000001c490000 JavaThread "Exec Stream Pumper" daemon [_thread_in_native, id=27244, stack(0x000000002cc70000,0x000000002cd70000)]
  0x000000001c493000 JavaThread "Exec Default Executor" daemon [_thread_in_native, id=27228, stack(0x000000002ae70000,0x000000002af70000)]
  0x000000001c491000 JavaThread "Exec Stream Pumper" daemon [_thread_in_native, id=27020, stack(0x000000002cb70000,0x000000002cc70000)]
  0x000000001c48e800 JavaThread "Exec Stream Pumper" daemon [_thread_in_native, id=27016, stack(0x000000002ca70000,0x000000002cb70000)]
  0x000000001c491800 JavaThread "Exec Default Executor" daemon [_thread_in_native, id=26988, stack(0x000000002c970000,0x000000002ca70000)]
  0x000000001c492800 JavaThread "Exec Stream Pumper" daemon [_thread_in_native, id=26720, stack(0x000000002c870000,0x000000002c970000)]
  0x000000001c48c800 JavaThread "Exec Stream Pumper" daemon [_thread_in_native, id=26716, stack(0x000000002c770000,0x000000002c870000)]
  0x000000001c48d000 JavaThread "Exec Default Executor" daemon [_thread_in_native, id=26700, stack(0x000000002c670000,0x000000002c770000)]
  0x000000001c48e000 JavaThread "Exec Stream Pumper" daemon [_thread_in_native, id=25068, stack(0x000000002c570000,0x000000002c670000)]
  0x000000001c48b800 JavaThread "Exec Stream Pumper" daemon [_thread_in_native, id=25064, stack(0x000000002c470000,0x000000002c570000)]
  0x000000001c48b000 JavaThread "Exec Default Executor" daemon [_thread_in_native, id=25052, stack(0x000000002c370000,0x000000002c470000)]
  0x000000001b0bc000 JavaThread "Exec Stream Pumper" daemon [_thread_in_native, id=24848, stack(0x000000002c270000,0x000000002c370000)]
  0x000000001be29800 JavaThread "Exec Stream Pumper" daemon [_thread_in_native, id=26364, stack(0x000000002c170000,0x000000002c270000)]
  0x000000001be29000 JavaThread "Exec Default Executor" daemon [_thread_in_native, id=24836, stack(0x000000002c070000,0x000000002c170000)]
  0x000000001be25000 JavaThread "Exec Stream Pumper" daemon [_thread_in_native, id=24900, stack(0x000000002bf70000,0x000000002c070000)]
  0x000000001be28000 JavaThread "Exec Stream Pumper" daemon [_thread_in_native, id=9832, stack(0x000000002be70000,0x000000002bf70000)]
  0x000000001be27800 JavaThread "Exec Default Executor" daemon [_thread_in_native, id=20936, stack(0x000000002bd70000,0x000000002be70000)]
  0x000000001be26000 JavaThread "Exec Stream Pumper" daemon [_thread_in_native, id=24484, stack(0x000000002bc70000,0x000000002bd70000)]
  0x000000001be26800 JavaThread "Exec Stream Pumper" daemon [_thread_in_native, id=26204, stack(0x000000002bb70000,0x000000002bc70000)]
  0x000000001be20000 JavaThread "Exec Default Executor" daemon [_thread_in_native, id=23800, stack(0x000000002a470000,0x000000002a570000)]
  0x000000001be23000 JavaThread "Exec Stream Pumper" daemon [_thread_in_native, id=23344, stack(0x000000002ba70000,0x000000002bb70000)]
  0x000000001be24800 JavaThread "Exec Stream Pumper" daemon [_thread_in_native, id=23824, stack(0x000000002b970000,0x000000002ba70000)]
  0x000000001be23800 JavaThread "Exec Default Executor" daemon [_thread_in_native, id=24064, stack(0x000000002b870000,0x000000002b970000)]
  0x000000001be22000 JavaThread "Exec Stream Pumper" daemon [_thread_in_native, id=26208, stack(0x000000002b770000,0x000000002b870000)]
  0x000000001be20800 JavaThread "Exec Stream Pumper" daemon [_thread_in_native, id=26200, stack(0x000000002b670000,0x000000002b770000)]
  0x000000001be1d000 JavaThread "Exec Default Executor" daemon [_thread_in_native, id=24440, stack(0x000000002b570000,0x000000002b670000)]
  0x000000001be1f000 JavaThread "Exec Stream Pumper" daemon [_thread_in_native, id=23676, stack(0x000000002b470000,0x000000002b570000)]
  0x000000001be1b800 JavaThread "Exec Stream Pumper" daemon [_thread_in_native, id=23672, stack(0x000000002b370000,0x000000002b470000)]
  0x000000001be1e800 JavaThread "Exec Default Executor" daemon [_thread_in_native, id=23660, stack(0x000000002b270000,0x000000002b370000)]
  0x000000001be1d800 JavaThread "Exec Stream Pumper" daemon [_thread_in_native, id=26432, stack(0x000000002b170000,0x000000002b270000)]
  0x000000001be1c000 JavaThread "Exec Stream Pumper" daemon [_thread_in_native, id=26428, stack(0x000000002b070000,0x000000002b170000)]
  0x000000001be18800 JavaThread "Exec Default Executor" daemon [_thread_in_native, id=26408, stack(0x000000002af70000,0x000000002b070000)]
  0x000000001be1a000 JavaThread "Exec Stream Pumper" daemon [_thread_in_native, id=26192, stack(0x000000002ad70000,0x000000002ae70000)]
  0x000000001be1a800 JavaThread "Exec Stream Pumper" daemon [_thread_in_native, id=26188, stack(0x0000000029470000,0x0000000029570000)]
  0x000000001be16000 JavaThread "Exec Default Executor" daemon [_thread_in_native, id=26164, stack(0x000000002ac70000,0x000000002ad70000)]
  0x000000001be19000 JavaThread "Exec Stream Pumper" daemon [_thread_in_native, id=25964, stack(0x000000002ab70000,0x000000002ac70000)]
  0x000000001be17800 JavaThread "Exec Stream Pumper" daemon [_thread_in_native, id=25960, stack(0x000000002aa70000,0x000000002ab70000)]
  0x000000001be13000 JavaThread "Exec Default Executor" daemon [_thread_in_native, id=25944, stack(0x000000002a970000,0x000000002aa70000)]
  0x000000001be17000 JavaThread "Exec Stream Pumper" daemon [_thread_in_native, id=25748, stack(0x000000002a870000,0x000000002a970000)]
  0x000000001be15800 JavaThread "Exec Stream Pumper" daemon [_thread_in_native, id=25744, stack(0x000000002a770000,0x000000002a870000)]
  0x000000001be11800 JavaThread "Exec Default Executor" daemon [_thread_in_native, id=25728, stack(0x000000002a670000,0x000000002a770000)]
  0x000000001be14800 JavaThread "Exec Stream Pumper" daemon [_thread_in_native, id=21876, stack(0x000000002a370000,0x000000002a470000)]
  0x000000001be11000 JavaThread "Exec Stream Pumper" daemon [_thread_in_native, id=22992, stack(0x000000002a270000,0x000000002a370000)]
  0x000000001be14000 JavaThread "Exec Default Executor" daemon [_thread_in_native, id=15296, stack(0x000000002a170000,0x000000002a270000)]
  0x000000001be12800 JavaThread "Exec Stream Pumper" daemon [_thread_in_native, id=20492, stack(0x000000002a070000,0x000000002a170000)]
  0x000000001be0e800 JavaThread "Exec Stream Pumper" daemon [_thread_in_native, id=11104, stack(0x0000000029f70000,0x000000002a070000)]
  0x000000001be0e000 JavaThread "Exec Default Executor" daemon [_thread_in_native, id=24092, stack(0x0000000029e70000,0x0000000029f70000)]
  0x000000001be10000 JavaThread "Exec Stream Pumper" daemon [_thread_in_native, id=16448, stack(0x0000000029d70000,0x0000000029e70000)]
  0x000000001be0c800 JavaThread "Exec Stream Pumper" daemon [_thread_in_native, id=24240, stack(0x0000000029c70000,0x0000000029d70000)]
  0x000000001be0f800 JavaThread "Exec Default Executor" daemon [_thread_in_native, id=22540, stack(0x0000000029b70000,0x0000000029c70000)]
  0x000000001be0d000 JavaThread "Exec Stream Pumper" daemon [_thread_in_native, id=11172, stack(0x0000000029a70000,0x0000000029b70000)]
  0x000000001be0b800 JavaThread "Exec Stream Pumper" daemon [_thread_in_native, id=5712, stack(0x0000000029970000,0x0000000029a70000)]
  0x000000001be0b000 JavaThread "Exec Default Executor" daemon [_thread_in_native, id=22724, stack(0x0000000029870000,0x0000000029970000)]
  0x000000001ad6d800 JavaThread "Exec Stream Pumper" daemon [_thread_in_native, id=23892, stack(0x0000000029770000,0x0000000029870000)]
  0x000000001b0bb800 JavaThread "Exec Stream Pumper" daemon [_thread_in_native, id=23316, stack(0x0000000029670000,0x0000000029770000)]
  0x000000001b0be800 JavaThread "Exec Default Executor" daemon [_thread_in_native, id=22744, stack(0x0000000029570000,0x0000000029670000)]
  0x000000001b0ba800 JavaThread "Exec Stream Pumper" daemon [_thread_in_native, id=25432, stack(0x0000000029370000,0x0000000029470000)]
  0x000000001b0bd000 JavaThread "Exec Stream Pumper" daemon [_thread_in_native, id=25428, stack(0x0000000029270000,0x0000000029370000)]
  0x000000001b0b3000 JavaThread "Exec Default Executor" daemon [_thread_in_native, id=25412, stack(0x0000000027370000,0x0000000027470000)]
  0x000000001b0bd800 JavaThread "Exec Stream Pumper" daemon [_thread_in_native, id=25224, stack(0x0000000029170000,0x0000000029270000)]
  0x000000001b0b6800 JavaThread "Exec Stream Pumper" daemon [_thread_in_native, id=25220, stack(0x0000000029070000,0x0000000029170000)]
  0x000000001b0b9800 JavaThread "Exec Default Executor" daemon [_thread_in_native, id=25204, stack(0x0000000028f70000,0x0000000029070000)]
  0x000000001b0b6000 JavaThread "Exec Stream Pumper" daemon [_thread_in_native, id=24892, stack(0x0000000028e70000,0x0000000028f70000)]
  0x000000001b0b9000 JavaThread "Exec Stream Pumper" daemon [_thread_in_native, id=24888, stack(0x0000000027e70000,0x0000000027f70000)]
  0x000000001b0b8000 JavaThread "Exec Default Executor" daemon [_thread_in_native, id=24872, stack(0x0000000027d70000,0x0000000027e70000)]
  0x000000001b0b5000 JavaThread "Exec Stream Pumper" daemon [_thread_in_native, id=24580, stack(0x0000000028d70000,0x0000000028e70000)]
  0x000000001b0b7800 JavaThread "Exec Stream Pumper" daemon [_thread_in_native, id=19200, stack(0x0000000028c70000,0x0000000028d70000)]
  0x000000001b0b1800 JavaThread "Exec Default Executor" daemon [_thread_in_native, id=23076, stack(0x0000000028b70000,0x0000000028c70000)]
  0x000000001b0b4800 JavaThread "Exec Stream Pumper" daemon [_thread_in_native, id=22660, stack(0x0000000028a70000,0x0000000028b70000)]
  0x000000001b0b3800 JavaThread "Exec Stream Pumper" daemon [_thread_in_native, id=19980, stack(0x0000000028970000,0x0000000028a70000)]
  0x000000001b0b0800 JavaThread "Exec Default Executor" daemon [_thread_in_native, id=23568, stack(0x0000000028870000,0x0000000028970000)]
  0x000000001b0b0000 JavaThread "Exec Stream Pumper" daemon [_thread_in_native, id=23816, stack(0x0000000028770000,0x0000000028870000)]
  0x000000001b0b2000 JavaThread "Exec Stream Pumper" daemon [_thread_in_native, id=8948, stack(0x0000000028670000,0x0000000028770000)]
  0x000000001b0af000 JavaThread "Exec Default Executor" daemon [_thread_in_native, id=22144, stack(0x0000000028570000,0x0000000028670000)]
  0x000000001ad78000 JavaThread "Exec Stream Pumper" daemon [_thread_in_native, id=24472, stack(0x0000000028470000,0x0000000028570000)]
  0x000000001ad77800 JavaThread "Exec Stream Pumper" daemon [_thread_in_native, id=24468, stack(0x0000000028370000,0x0000000028470000)]
  0x000000001ad79800 JavaThread "Exec Default Executor" daemon [_thread_in_native, id=24452, stack(0x0000000028270000,0x0000000028370000)]
  0x000000001ad76800 JavaThread "Exec Stream Pumper" daemon [_thread_in_native, id=23884, stack(0x0000000028170000,0x0000000028270000)]
  0x000000001ad79000 JavaThread "Exec Stream Pumper" daemon [_thread_in_native, id=23880, stack(0x0000000028070000,0x0000000028170000)]
  0x000000001ad76000 JavaThread "Exec Default Executor" daemon [_thread_in_native, id=23864, stack(0x0000000027f70000,0x0000000028070000)]
  0x000000001ad74800 JavaThread "Exec Stream Pumper" daemon [_thread_in_native, id=23636, stack(0x0000000027c70000,0x0000000027d70000)]
  0x000000001ad73800 JavaThread "Exec Stream Pumper" daemon [_thread_in_native, id=23632, stack(0x0000000027b70000,0x0000000027c70000)]
  0x000000001ad75000 JavaThread "Exec Default Executor" daemon [_thread_in_native, id=23612, stack(0x0000000027a70000,0x0000000027b70000)]
  0x000000001ad71800 JavaThread "Exec Stream Pumper" daemon [_thread_in_native, id=18912, stack(0x0000000027970000,0x0000000027a70000)]
  0x000000001ad72000 JavaThread "Exec Stream Pumper" daemon [_thread_in_native, id=17148, stack(0x0000000027870000,0x0000000027970000)]
  0x000000001ad73000 JavaThread "Exec Default Executor" daemon [_thread_in_native, id=19364, stack(0x0000000027770000,0x0000000027870000)]
  0x000000001ad70800 JavaThread "Exec Stream Pumper" daemon [_thread_in_native, id=22704, stack(0x0000000027670000,0x0000000027770000)]
  0x000000001ad6f000 JavaThread "Exec Stream Pumper" daemon [_thread_in_native, id=21696, stack(0x0000000027570000,0x0000000027670000)]
  0x000000001ad6c800 JavaThread "Exec Default Executor" daemon [_thread_in_native, id=23204, stack(0x0000000027470000,0x0000000027570000)]
  0x000000001ad6f800 JavaThread "Exec Stream Pumper" daemon [_thread_in_native, id=19452, stack(0x0000000027270000,0x0000000027370000)]
  0x000000001ad6c000 JavaThread "Exec Stream Pumper" daemon [_thread_in_native, id=12244, stack(0x0000000027170000,0x0000000027270000)]
  0x000000001ad6b000 JavaThread "Exec Default Executor" daemon [_thread_in_native, id=13292, stack(0x0000000027070000,0x0000000027170000)]
  0x000000001ad6e000 JavaThread "Exec Stream Pumper" daemon [_thread_in_native, id=23188, stack(0x0000000026f70000,0x0000000027070000)]
  0x000000001ad6a800 JavaThread "Exec Stream Pumper" daemon [_thread_in_native, id=20176, stack(0x0000000026e70000,0x0000000026f70000)]
  0x000000001c1a7800 JavaThread "Exec Default Executor" daemon [_thread_in_native, id=20064, stack(0x0000000026470000,0x0000000026570000)]
  0x000000001c1a9000 JavaThread "Exec Stream Pumper" daemon [_thread_in_native, id=22328, stack(0x0000000026d70000,0x0000000026e70000)]
  0x000000001c1a8800 JavaThread "Exec Stream Pumper" daemon [_thread_in_native, id=4060, stack(0x0000000026c70000,0x0000000026d70000)]
  0x000000001c1a4800 JavaThread "Exec Default Executor" daemon [_thread_in_native, id=6160, stack(0x0000000026b70000,0x0000000026c70000)]
  0x000000001c1a4000 JavaThread "Exec Stream Pumper" daemon [_thread_in_native, id=22040, stack(0x0000000026a70000,0x0000000026b70000)]
  0x000000001c1a7000 JavaThread "Exec Stream Pumper" daemon [_thread_in_native, id=19372, stack(0x0000000026970000,0x0000000026a70000)]
  0x000000001c1a2800 JavaThread "Exec Default Executor" daemon [_thread_in_native, id=22648, stack(0x0000000026870000,0x0000000026970000)]
  0x000000001c1a5800 JavaThread "Exec Stream Pumper" daemon [_thread_in_native, id=23272, stack(0x0000000026770000,0x0000000026870000)]
  0x000000001c1a6000 JavaThread "Exec Stream Pumper" daemon [_thread_in_native, id=23268, stack(0x0000000026670000,0x0000000026770000)]
  0x000000001c1a0000 JavaThread "Exec Default Executor" daemon [_thread_in_native, id=23252, stack(0x0000000026570000,0x0000000026670000)]
  0x000000001c1a1800 JavaThread "Exec Stream Pumper" daemon [_thread_in_native, id=23032, stack(0x0000000026370000,0x0000000026470000)]
  0x000000001c1a3000 JavaThread "Exec Stream Pumper" daemon [_thread_in_native, id=23028, stack(0x0000000025470000,0x0000000025570000)]
  0x000000001c19f000 JavaThread "Exec Default Executor" daemon [_thread_in_native, id=23012, stack(0x0000000025070000,0x0000000025170000)]
  0x000000001c1a1000 JavaThread "Exec Stream Pumper" daemon [_thread_in_native, id=22652, stack(0x0000000026270000,0x0000000026370000)]
  0x000000001c19b800 JavaThread "Exec Stream Pumper" daemon [_thread_in_native, id=22628, stack(0x0000000026170000,0x0000000026270000)]
  0x000000001c19e800 JavaThread "Exec Default Executor" daemon [_thread_in_native, id=22604, stack(0x0000000026070000,0x0000000026170000)]
  0x000000001c19a800 JavaThread "Exec Stream Pumper" daemon [_thread_in_native, id=22276, stack(0x0000000025f70000,0x0000000026070000)]
  0x000000001c19d800 JavaThread "Exec Stream Pumper" daemon [_thread_in_native, id=17184, stack(0x0000000025e70000,0x0000000025f70000)]
  0x000000001c19a000 JavaThread "Exec Default Executor" daemon [_thread_in_native, id=20164, stack(0x0000000025d70000,0x0000000025e70000)]
  0x000000001c19c000 JavaThread "Exec Stream Pumper" daemon [_thread_in_native, id=22188, stack(0x0000000025c70000,0x0000000025d70000)]
  0x000000001c19d000 JavaThread "Exec Stream Pumper" daemon [_thread_in_native, id=20680, stack(0x0000000025b70000,0x0000000025c70000)]
  0x000000001c0a1000 JavaThread "Exec Default Executor" daemon [_thread_in_native, id=20264, stack(0x0000000025570000,0x0000000025670000)]
  0x000000001c0a8800 JavaThread "Exec Stream Pumper" daemon [_thread_in_native, id=22016, stack(0x0000000025a70000,0x0000000025b70000)]
  0x000000001c0a4800 JavaThread "Exec Stream Pumper" daemon [_thread_in_native, id=21580, stack(0x0000000025970000,0x0000000025a70000)]
  0x000000001c0a7800 JavaThread "Exec Default Executor" daemon [_thread_in_native, id=16620, stack(0x0000000025870000,0x0000000025970000)]
  0x000000001c0a7000 JavaThread "Exec Stream Pumper" daemon [_thread_in_native, id=11656, stack(0x0000000025370000,0x0000000025470000)]
  0x000000001c0a5800 JavaThread "Exec Stream Pumper" daemon [_thread_in_native, id=9612, stack(0x0000000025270000,0x0000000025370000)]
  0x000000001c0a6000 JavaThread "Exec Default Executor" daemon [_thread_in_native, id=4144, stack(0x0000000025170000,0x0000000025270000)]
  0x000000001c0a4000 JavaThread "Exec Stream Pumper" daemon [_thread_in_native, id=15808, stack(0x0000000024f70000,0x0000000025070000)]
  0x000000001c0a3000 JavaThread "Exec Stream Pumper" daemon [_thread_in_native, id=18820, stack(0x0000000024e70000,0x0000000024f70000)]
  0x000000001c0a2800 JavaThread "Exec Default Executor" daemon [_thread_in_native, id=7272, stack(0x0000000024d70000,0x0000000024e70000)]
  0x000000001c09e800 JavaThread "Exec Stream Pumper" daemon [_thread_in_native, id=22116, stack(0x0000000024c70000,0x0000000024d70000)]
  0x000000001c0a0000 JavaThread "Exec Stream Pumper" daemon [_thread_in_native, id=21120, stack(0x0000000024b70000,0x0000000024c70000)]
  0x000000001c09f800 JavaThread "Exec Default Executor" daemon [_thread_in_native, id=11704, stack(0x0000000024a70000,0x0000000024b70000)]
  0x000000001c0a1800 JavaThread "Exec Stream Pumper" daemon [_thread_in_native, id=19560, stack(0x0000000024970000,0x0000000024a70000)]
  0x000000001c09b000 JavaThread "Exec Stream Pumper" daemon [_thread_in_native, id=13024, stack(0x0000000024870000,0x0000000024970000)]
  0x000000001c09e000 JavaThread "Exec Default Executor" daemon [_thread_in_native, id=7860, stack(0x0000000024770000,0x0000000024870000)]
  0x000000001c09a000 JavaThread "Exec Stream Pumper" daemon [_thread_in_native, id=18904, stack(0x0000000024670000,0x0000000024770000)]
  0x000000001c09d000 JavaThread "Exec Stream Pumper" daemon [_thread_in_native, id=18048, stack(0x0000000024570000,0x0000000024670000)]
  0x000000001c099800 JavaThread "Exec Default Executor" daemon [_thread_in_native, id=10792, stack(0x0000000024470000,0x0000000024570000)]
  0x000000001c09c800 JavaThread "Exec Stream Pumper" daemon [_thread_in_native, id=18424, stack(0x0000000024370000,0x0000000024470000)]
  0x000000001c09b800 JavaThread "Exec Stream Pumper" daemon [_thread_in_native, id=3136, stack(0x0000000024270000,0x0000000024370000)]
  0x000000001c4b9800 JavaThread "Exec Default Executor" daemon [_thread_in_native, id=7840, stack(0x0000000023770000,0x0000000023870000)]
  0x000000001bfd9800 JavaThread "Exec Stream Pumper" daemon [_thread_in_native, id=22492, stack(0x0000000023670000,0x0000000023770000)]
  0x000000001bfd0800 JavaThread "Exec Stream Pumper" daemon [_thread_in_native, id=22488, stack(0x000000001f370000,0x000000001f470000)]
  0x000000001bfd8800 JavaThread "Exec Default Executor" daemon [_thread_in_native, id=22452, stack(0x0000000024170000,0x0000000024270000)]
  0x000000001bfda000 JavaThread "Exec Stream Pumper" daemon [_thread_in_native, id=22100, stack(0x0000000024070000,0x0000000024170000)]
  0x000000001bfd5000 JavaThread "Exec Stream Pumper" daemon [_thread_in_native, id=22096, stack(0x0000000023f70000,0x0000000024070000)]
  0x000000001bfd8000 JavaThread "Exec Default Executor" daemon [_thread_in_native, id=22080, stack(0x0000000023e70000,0x0000000023f70000)]
  0x000000001bfd4000 JavaThread "Exec Stream Pumper" daemon [_thread_in_native, id=21788, stack(0x0000000023d70000,0x0000000023e70000)]
  0x000000001bfd7000 JavaThread "Exec Stream Pumper" daemon [_thread_in_native, id=21784, stack(0x0000000023c70000,0x0000000023d70000)]
  0x000000001bfd5800 JavaThread "Exec Default Executor" daemon [_thread_in_native, id=21768, stack(0x0000000023b70000,0x0000000023c70000)]
  0x000000001bfd6800 JavaThread "Exec Stream Pumper" daemon [_thread_in_native, id=21520, stack(0x0000000023a70000,0x0000000023b70000)]
  0x000000001bfd3800 JavaThread "Exec Stream Pumper" daemon [_thread_in_native, id=4700, stack(0x0000000023970000,0x0000000023a70000)]
  0x000000001bfcf800 JavaThread "Exec Default Executor" daemon [_thread_in_native, id=8544, stack(0x0000000023870000,0x0000000023970000)]
  0x000000001bfd2800 JavaThread "Exec Stream Pumper" daemon [_thread_in_native, id=11296, stack(0x0000000023570000,0x0000000023670000)]
  0x000000001bfd2000 JavaThread "Exec Stream Pumper" daemon [_thread_in_native, id=11376, stack(0x0000000023470000,0x0000000023570000)]
  0x000000001bfcb000 JavaThread "Exec Default Executor" daemon [_thread_in_native, id=19556, stack(0x0000000022d70000,0x0000000022e70000)]
  0x000000001bfd1000 